        -:    0:Source:testme.c
        -:    0:Graph:testme.gcno
        -:    0:Data:testme.gcda
        -:    0:Runs:1
        -:    0:Programs:1
        -:    1:#include<stdio.h>
        -:    2:#include<string.h>
        -:    3:#include<stdlib.h>
        -:    4:#include<time.h>
        -:    5:
function inputChar called 2026 returned 100% blocks executed 100%
     2026:    6:char inputChar()
        -:    7:{
     2026:    8:    char array[] = {'[','(','{',' ','a','x','}',')',']'};
     2026:    9:    int r = rand() % 9;
call    0 returned 100%
     2026:   10:    return array[r];
        -:   11:}
        -:   12:
function inputString called 2026 returned 100% blocks executed 100%
     2026:   13:char *inputString()
        -:   14:{
     2026:   15:  char array[] = {'r','e','s','e','t'};
     2026:   16:  char randArray[] = {'r','e','s','e','t','\0'};
        -:   17:  int i;
        -:   18:
    12156:   19:  for(i = 0; i < 5; i++)
branch  0 taken 83%
branch  1 taken 17% (fallthrough)
        -:   20:  {
    10130:   21:    int randPos = rand() % 5;
call    0 returned 100%
    10130:   22:    char randChar = array[randPos];
    10130:   23:    randArray[i] = randChar;
        -:   24:  }
     2026:   25:  char *string = randArray;
     2026:   26:  return string;
        -:   27:}
        -:   28:
function testme called 1 returned 0% blocks executed 100%
        1:   29:void testme()
        -:   30:{
        1:   31:  int tcCount = 0;
        -:   32:  char *s;
        -:   33:  char c;
        1:   34:  int state = 0;
        -:   35:  while (1)
        -:   36:  {
     4051:   37:    tcCount++;
     2026:   38:    c = inputChar();
call    0 returned 100%
     2026:   39:    s = inputString();
call    0 returned 100%
     2026:   40:    printf("Iteration %d: c = %c, s = %s, state = %d\n", tcCount, c, s, state);
call    0 returned 100%
        -:   41:
     2026:   42:    if (c == '[' && state == 0) state = 1;
branch  0 taken 11% (fallthrough)
branch  1 taken 89%
branch  2 taken 1% (fallthrough)
branch  3 taken 99%
     2026:   43:    if (c == '(' && state == 1) state = 2;
branch  0 taken 11% (fallthrough)
branch  1 taken 89%
branch  2 taken 1% (fallthrough)
branch  3 taken 99%
     2026:   44:    if (c == '{' && state == 2) state = 3;
branch  0 taken 11% (fallthrough)
branch  1 taken 89%
branch  2 taken 1% (fallthrough)
branch  3 taken 99%
     2026:   45:    if (c == ' '&& state == 3) state = 4;
branch  0 taken 11% (fallthrough)
branch  1 taken 89%
branch  2 taken 1% (fallthrough)
branch  3 taken 99%
     2026:   46:    if (c == 'a' && state == 4) state = 5;
branch  0 taken 12% (fallthrough)
branch  1 taken 88%
branch  2 taken 1% (fallthrough)
branch  3 taken 99%
     2026:   47:    if (c == 'x' && state == 5) state = 6;
branch  0 taken 11% (fallthrough)
branch  1 taken 89%
branch  2 taken 1% (fallthrough)
branch  3 taken 99%
     2026:   48:    if (c == '}' && state == 6) state = 7;
branch  0 taken 11% (fallthrough)
branch  1 taken 89%
branch  2 taken 1% (fallthrough)
branch  3 taken 99%
     2026:   49:    if (c == ')' && state == 7) state = 8;
branch  0 taken 12% (fallthrough)
branch  1 taken 88%
branch  2 taken 1% (fallthrough)
branch  3 taken 99%
     2026:   50:    if (c == ']' && state == 8) state = 9;
branch  0 taken 11% (fallthrough)
branch  1 taken 89%
branch  2 taken 1% (fallthrough)
branch  3 taken 99%
     2026:   51:    if (s[0] == 'r' && s[1] == 'e'
branch  0 taken 20% (fallthrough)
branch  1 taken 80%
branch  2 taken 38% (fallthrough)
branch  3 taken 62%
      156:   52:       && s[2] == 's' && s[3] == 'e'
branch  0 taken 23% (fallthrough)
branch  1 taken 77%
branch  2 taken 39% (fallthrough)
branch  3 taken 61%
       14:   53:       && s[4] == 't' && s[5] == '\0'
branch  0 taken 7% (fallthrough)
branch  1 taken 93%
branch  2 taken 100% (fallthrough)
branch  3 taken 0%
        1:   54:       && state == 9)
branch  0 taken 100% (fallthrough)
branch  1 taken 0%
        -:   55:    {
        1:   56:      printf("error ");
call    0 returned 100%
        1:   57:      exit(200);
call    0 returned 0%
        -:   58:    }
        -:   59:  }
        -:   60:}
        -:   61:
        -:   62:
function main called 1 returned 0% blocks executed 80%
        1:   63:int main(int argc, char *argv[])
        -:   64:{
        1:   65:    srand(time(NULL));
call    0 returned 100%
call    1 returned 100%
        1:   66:    testme();
call    0 returned 0%
    #####:   67:    return 0;
        -:   68:}
