        -:    0:Source:testme.c
        -:    0:Graph:testme.gcno
        -:    0:Data:testme.gcda
        -:    0:Runs:1
        -:    0:Programs:1
        -:    1:#include<stdio.h>
        -:    2:#include<string.h>
        -:    3:#include<stdlib.h>
        -:    4:#include<time.h>
        -:    5:
     1629:    6:char inputChar()
        -:    7:{
     1629:    8:    char array[] = {'[','(','{',' ','a','x','}',')',']'};
     1629:    9:    int r = rand() % 9;
     1629:   10:    return array[r];
        -:   11:}
        -:   12:
     1629:   13:char *inputString()
        -:   14:{
     1629:   15:  char array[] = {'r','e','s','e','t'};
     1629:   16:  char randArray[] = {'r','e','s','e','t','\0'};
        -:   17:  int i;
        -:   18:
     9774:   19:  for(i = 0; i < 5; i++)
        -:   20:  {
     8145:   21:    int randPos = rand() % 5;
     8145:   22:    char randChar = array[randPos];
     8145:   23:    randArray[i] = randChar;
        -:   24:  }
     1629:   25:  char *string = randArray;
     1629:   26:  return string;
        -:   27:}
        -:   28:
        1:   29:void testme()
        -:   30:{
        1:   31:  int tcCount = 0;
        -:   32:  char *s;
        -:   33:  char c;
        1:   34:  int state = 0;
        -:   35:  while (1)
        -:   36:  {
     3257:   37:    tcCount++;
     1629:   38:    c = inputChar();
     1629:   39:    s = inputString();
     1629:   40:    printf("Iteration %d: c = %c, s = %s, state = %d\n", tcCount, c, s, state);
        -:   41:
     1629:   42:    if (c == '[' && state == 0) state = 1;
     1629:   43:    if (c == '(' && state == 1) state = 2;
     1629:   44:    if (c == '{' && state == 2) state = 3;
     1629:   45:    if (c == ' '&& state == 3) state = 4;
     1629:   46:    if (c == 'a' && state == 4) state = 5;
     1629:   47:    if (c == 'x' && state == 5) state = 6;
     1629:   48:    if (c == '}' && state == 6) state = 7;
     1629:   49:    if (c == ')' && state == 7) state = 8;
     1629:   50:    if (c == ']' && state == 8) state = 9;
     1629:   51:    if (s[0] == 'r' && s[1] == 'e'
      127:   52:       && s[2] == 's' && s[3] == 'e'
        7:   53:       && s[4] == 't' && s[5] == '\0'
        1:   54:       && state == 9)
        -:   55:    {
        1:   56:      printf("error ");
        1:   57:      exit(200);
        -:   58:    }
        -:   59:  }
        -:   60:}
        -:   61:
        -:   62:
        1:   63:int main(int argc, char *argv[])
        -:   64:{
        1:   65:    srand(time(NULL));
        1:   66:    testme();
    #####:   67:    return 0;
        -:   68:}
