        -:    0:Source:dominion.c
        -:    0:Graph:dominion.gcno
        -:    0:Data:dominion.gcda
        -:    0:Runs:8
        -:    0:Programs:8
        -:    1:#include "dominion.h"
        -:    2:#include "dominion_helpers.h"
        -:    3:#include "rngs.h"
        -:    4:#include <stdio.h>
        -:    5:#include <math.h>
        -:    6:#include <stdlib.h>
        -:    7:
function compare called 810 returned 100% blocks executed 83%
      810:    8:int compare(const void* a, const void* b) {
      810:    9:  if (*(int*)a > *(int*)b)
branch  0 taken 0% (fallthrough)
branch  1 taken 100%
    #####:   10:    return 1;
      810:   11:  if (*(int*)a < *(int*)b)
branch  0 taken 27% (fallthrough)
branch  1 taken 73%
      216:   12:    return -1;
      594:   13:  return 0;
        -:   14:}
        -:   15:
function newGame called 0 returned 0% blocks executed 0%
    #####:   16:struct gameState* newGame() {
    #####:   17:  struct gameState* g = malloc(sizeof(struct gameState));
    #####:   18:  return g;
        -:   19:}
        -:   20:
function kingdomCards called 0 returned 0% blocks executed 0%
    #####:   21:int* kingdomCards(int k1, int k2, int k3, int k4, int k5, int k6, int k7,
        -:   22:		  int k8, int k9, int k10) {
    #####:   23:  int* k = malloc(10 * sizeof(int));
    #####:   24:  k[0] = k1;
    #####:   25:  k[1] = k2;
    #####:   26:  k[2] = k3;
    #####:   27:  k[3] = k4;
    #####:   28:  k[4] = k5;
    #####:   29:  k[5] = k6;
    #####:   30:  k[6] = k7;
    #####:   31:  k[7] = k8;
    #####:   32:  k[8] = k9;
    #####:   33:  k[9] = k10;
    #####:   34:  return k;
        -:   35:}
        -:   36:
function initializeGame called 27 returned 100% blocks executed 88%
       27:   37:int initializeGame(int numPlayers, int kingdomCards[10], int randomSeed,
        -:   38:		   struct gameState *state) {
        -:   39:
        -:   40:  int i;
        -:   41:  int j;
        -:   42:  int it;			
        -:   43:  //set up random number generator
       27:   44:  SelectStream(1);
call    0 returned 100%
       27:   45:  PutSeed((long)randomSeed);
call    0 returned 100%
        -:   46:  
        -:   47:  //check number of players
       27:   48:  if (numPlayers > MAX_PLAYERS || numPlayers < 2)
branch  0 taken 100% (fallthrough)
branch  1 taken 0%
branch  2 taken 0% (fallthrough)
branch  3 taken 100%
        -:   49:    {
    #####:   50:      return -1;
        -:   51:    }
        -:   52:
        -:   53:  //set number of players
       27:   54:  state->numPlayers = numPlayers;
        -:   55:
        -:   56:  //check selected kingdom cards are different
      297:   57:  for (i = 0; i < 10; i++)
branch  0 taken 91%
branch  1 taken 9% (fallthrough)
        -:   58:    {
     2970:   59:      for (j = 0; j < 10; j++)
branch  0 taken 91%
branch  1 taken 9% (fallthrough)
        -:   60:        {
     2700:   61:	  if (j != i && kingdomCards[j] == kingdomCards[i])
branch  0 taken 90% (fallthrough)
branch  1 taken 10%
branch  2 taken 0% (fallthrough)
branch  3 taken 100%
        -:   62:	    {
    #####:   63:	      return -1;
        -:   64:	    }
        -:   65:        }
        -:   66:    }
        -:   67:
        -:   68:
        -:   69:  //initialize supply
        -:   70:  ///////////////////////////////
        -:   71:
        -:   72:  //set number of Curse cards
       27:   73:  if (numPlayers == 2)
branch  0 taken 100% (fallthrough)
branch  1 taken 0%
        -:   74:    {
       27:   75:      state->supplyCount[curse] = 10;
        -:   76:    }
    #####:   77:  else if (numPlayers == 3)
branch  0 never executed
branch  1 never executed
        -:   78:    {
    #####:   79:      state->supplyCount[curse] = 20;
        -:   80:    }
        -:   81:  else
        -:   82:    {
    #####:   83:      state->supplyCount[curse] = 30;
        -:   84:    }
        -:   85:
        -:   86:  //set number of Victory cards
       27:   87:  if (numPlayers == 2)
branch  0 taken 100% (fallthrough)
branch  1 taken 0%
        -:   88:    {
       27:   89:      state->supplyCount[estate] = 8;
       27:   90:      state->supplyCount[duchy] = 8;
       27:   91:      state->supplyCount[province] = 8;
        -:   92:    }
        -:   93:  else
        -:   94:    {
    #####:   95:      state->supplyCount[estate] = 12;
    #####:   96:      state->supplyCount[duchy] = 12;
    #####:   97:      state->supplyCount[province] = 12;
        -:   98:    }
        -:   99:
        -:  100:  //set number of Treasure cards
       27:  101:  state->supplyCount[copper] = 60 - (7 * numPlayers);
       27:  102:  state->supplyCount[silver] = 40;
       27:  103:  state->supplyCount[gold] = 30;
        -:  104:
        -:  105:  //set number of Kingdom cards
      567:  106:  for (i = adventurer; i <= treasure_map; i++)       	//loop all cards
branch  0 taken 95%
branch  1 taken 5% (fallthrough)
        -:  107:    {
     4455:  108:      for (j = 0; j < 10; j++)           		//loop chosen cards
branch  0 taken 94%
branch  1 taken 6% (fallthrough)
        -:  109:	{
     4185:  110:	  if (kingdomCards[j] == i)
branch  0 taken 6% (fallthrough)
branch  1 taken 94%
        -:  111:	    {
        -:  112:	      //check if card is a 'Victory' Kingdom card
      270:  113:	      if (kingdomCards[j] == great_hall || kingdomCards[j] == gardens)
branch  0 taken 100% (fallthrough)
branch  1 taken 0%
branch  2 taken 10% (fallthrough)
branch  3 taken 90%
        -:  114:		{
       54:  115:		  if (numPlayers == 2){ 
branch  0 taken 100% (fallthrough)
branch  1 taken 0%
       27:  116:		    state->supplyCount[i] = 8; 
        -:  117:		  }
    #####:  118:		  else{ state->supplyCount[i] = 12; }
        -:  119:		}
        -:  120:	      else
        -:  121:		{
      243:  122:		  state->supplyCount[i] = 10;
        -:  123:		}
      270:  124:	      break;
        -:  125:	    }
        -:  126:	  else    //card is not in the set choosen for the game
        -:  127:	    {
     3915:  128:	      state->supplyCount[i] = -1;
        -:  129:	    }
        -:  130:	}
        -:  131:
        -:  132:    }
        -:  133:
        -:  134:  ////////////////////////
        -:  135:  //supply intilization complete
        -:  136:
        -:  137:  //set player decks
       81:  138:  for (i = 0; i < numPlayers; i++)
branch  0 taken 67%
branch  1 taken 33% (fallthrough)
        -:  139:    {
       54:  140:      state->deckCount[i] = 0;
      216:  141:      for (j = 0; j < 3; j++)
branch  0 taken 75%
branch  1 taken 25% (fallthrough)
        -:  142:	{
      162:  143:	  state->deck[i][j] = estate;
      162:  144:	  state->deckCount[i]++;
        -:  145:	}
      432:  146:      for (j = 3; j < 10; j++)
branch  0 taken 88%
branch  1 taken 13% (fallthrough)
        -:  147:	{
      378:  148:	  state->deck[i][j] = copper;
      378:  149:	  state->deckCount[i]++;		
        -:  150:	}
        -:  151:    }
        -:  152:
        -:  153:  //shuffle player decks
       81:  154:  for (i = 0; i < numPlayers; i++)
branch  0 taken 67%
branch  1 taken 33% (fallthrough)
        -:  155:    {
       54:  156:      if ( shuffle(i, state) < 0 )
call    0 returned 100%
branch  1 taken 0% (fallthrough)
branch  2 taken 100%
        -:  157:	{
    #####:  158:	  return -1;
        -:  159:	}
        -:  160:    }
        -:  161:
        -:  162:  //draw player hands
       81:  163:  for (i = 0; i < numPlayers; i++)
branch  0 taken 67%
branch  1 taken 33% (fallthrough)
        -:  164:    {  
        -:  165:      //initialize hand size to zero
       54:  166:      state->handCount[i] = 0;
       54:  167:      state->discardCount[i] = 0;
        -:  168:      //draw 5 cards
        -:  169:      // for (j = 0; j < 5; j++)
        -:  170:      //	{
        -:  171:      //	  drawCard(i, state);
        -:  172:      //	}
        -:  173:    }
        -:  174:  
        -:  175:  //set embargo tokens to 0 for all supply piles
      756:  176:  for (i = 0; i <= treasure_map; i++)
branch  0 taken 96%
branch  1 taken 4% (fallthrough)
        -:  177:    {
      729:  178:      state->embargoTokens[i] = 0;
        -:  179:    }
        -:  180:
        -:  181:  //initialize first player's turn
       27:  182:  state->outpostPlayed = 0;
       27:  183:  state->phase = 0;
       27:  184:  state->numActions = 1;
       27:  185:  state->numBuys = 1;
       27:  186:  state->playedCardCount = 0;
       27:  187:  state->whoseTurn = 0;
       27:  188:  state->handCount[state->whoseTurn] = 0;
        -:  189:  //int it; move to top
        -:  190:
        -:  191:  //Moved draw cards to here, only drawing at the start of a turn
      162:  192:  for (it = 0; it < 5; it++){
branch  0 taken 83%
branch  1 taken 17% (fallthrough)
      135:  193:    drawCard(state->whoseTurn, state);
call    0 returned 100%
        -:  194:  }
        -:  195:
       27:  196:  updateCoins(state->whoseTurn, state, 0);
call    0 returned 100%
        -:  197:
       27:  198:  return 0;
        -:  199:}
        -:  200:
function shuffle called 66 returned 100% blocks executed 100%
       66:  201:int shuffle(int player, struct gameState *state) {
        -:  202: 
        -:  203:
        -:  204:  int newDeck[MAX_DECK];
       66:  205:  int newDeckPos = 0;
        -:  206:  int card;
        -:  207:  int i;
        -:  208:
       66:  209:  if (state->deckCount[player] < 1)
branch  0 taken 18% (fallthrough)
branch  1 taken 82%
       12:  210:    return -1;
       54:  211:  qsort ((void*)(state->deck[player]), state->deckCount[player], sizeof(int), compare); 
call    0 returned 100%
        -:  212:  /* SORT CARDS IN DECK TO ENSURE DETERMINISM! */
        -:  213:
      648:  214:  while (state->deckCount[player] > 0) {
branch  0 taken 91%
branch  1 taken 9% (fallthrough)
      540:  215:    card = floor(Random() * state->deckCount[player]);
call    0 returned 100%
      540:  216:    newDeck[newDeckPos] = state->deck[player][card];
      540:  217:    newDeckPos++;
     2187:  218:    for (i = card; i < state->deckCount[player]-1; i++) {
branch  0 taken 75%
branch  1 taken 25% (fallthrough)
     1647:  219:      state->deck[player][i] = state->deck[player][i+1];
        -:  220:    }
      540:  221:    state->deckCount[player]--;
        -:  222:  }
      594:  223:  for (i = 0; i < newDeckPos; i++) {
branch  0 taken 91%
branch  1 taken 9% (fallthrough)
      540:  224:    state->deck[player][i] = newDeck[i];
      540:  225:    state->deckCount[player]++;
        -:  226:  }
        -:  227:
       54:  228:  return 0;
        -:  229:}
        -:  230:
function playCard called 0 returned 0% blocks executed 0%
    #####:  231:int playCard(int handPos, int choice1, int choice2, int choice3, struct gameState *state) 
        -:  232:{	
        -:  233:  int card;
    #####:  234:  int coin_bonus = 0; 		//tracks coins gain from actions
        -:  235:
        -:  236:  //check if it is the right phase
    #####:  237:  if (state->phase != 0)
branch  0 never executed
branch  1 never executed
        -:  238:    {
    #####:  239:      return -1;
        -:  240:    }
        -:  241:	
        -:  242:  //check if player has enough actions
    #####:  243:  if ( state->numActions < 1 )
branch  0 never executed
branch  1 never executed
        -:  244:    {
    #####:  245:      return -1;
        -:  246:    }
        -:  247:	
        -:  248:  //get card played
    #####:  249:  card = handCard(handPos, state);
call    0 never executed
        -:  250:	
        -:  251:  //check if selected card is an action
    #####:  252:  if ( card < adventurer || card > treasure_map )
branch  0 never executed
branch  1 never executed
branch  2 never executed
branch  3 never executed
        -:  253:    {
    #####:  254:      return -1;
        -:  255:    }
        -:  256:	
        -:  257:  //play card
    #####:  258:  if ( cardEffect(card, choice1, choice2, choice3, state, handPos, &coin_bonus) < 0 )
call    0 never executed
branch  1 never executed
branch  2 never executed
        -:  259:    {
    #####:  260:      return -1;
        -:  261:    }
        -:  262:	
        -:  263:  //reduce number of actions
    #####:  264:  state->numActions--;
        -:  265:
        -:  266:  //update coins (Treasure cards may be added with card draws)
    #####:  267:  updateCoins(state->whoseTurn, state, coin_bonus);
call    0 never executed
        -:  268:	
    #####:  269:  return 0;
        -:  270:}
        -:  271:
function buyCard called 0 returned 0% blocks executed 0%
    #####:  272:int buyCard(int supplyPos, struct gameState *state) {
        -:  273:  int who;
        -:  274:  if (DEBUG){
        -:  275:    printf("Entering buyCard...\n");
        -:  276:  }
        -:  277:
        -:  278:  // I don't know what to do about the phase thing.
        -:  279:
    #####:  280:  who = state->whoseTurn;
        -:  281:
    #####:  282:  if (state->numBuys < 1){
branch  0 never executed
branch  1 never executed
        -:  283:    if (DEBUG)
        -:  284:      printf("You do not have any buys left\n");
    #####:  285:    return -1;
    #####:  286:  } else if (supplyCount(supplyPos, state) <1){
call    0 never executed
branch  1 never executed
branch  2 never executed
        -:  287:    if (DEBUG)
        -:  288:      printf("There are not any of that type of card left\n");
    #####:  289:    return -1;
    #####:  290:  } else if (state->coins < getCost(supplyPos)){
call    0 never executed
branch  1 never executed
branch  2 never executed
        -:  291:    if (DEBUG) 
        -:  292:      printf("You do not have enough money to buy that. You have %d coins.\n", state->coins);
    #####:  293:    return -1;
        -:  294:  } else {
    #####:  295:    state->phase=1;
        -:  296:    //state->supplyCount[supplyPos]--;
    #####:  297:    gainCard(supplyPos, state, 0, who); //card goes in discard, this might be wrong.. (2 means goes into hand, 0 goes into discard)
call    0 never executed
        -:  298:  
    #####:  299:    state->coins = (state->coins) - (getCost(supplyPos));
call    0 never executed
    #####:  300:    state->numBuys--;
        -:  301:    if (DEBUG)
        -:  302:      printf("You bought card number %d for %d coins. You now have %d buys and %d coins.\n", supplyPos, getCost(supplyPos), state->numBuys, state->coins);
        -:  303:  }
        -:  304:
        -:  305:  //state->discard[who][state->discardCount[who]] = supplyPos;
        -:  306:  //state->discardCount[who]++;
        -:  307:    
    #####:  308:  return 0;
        -:  309:}
        -:  310:
function numHandCards called 0 returned 0% blocks executed 0%
    #####:  311:int numHandCards(struct gameState *state) {
    #####:  312:  return state->handCount[ whoseTurn(state) ];
call    0 never executed
        -:  313:}
        -:  314:
function handCard called 3 returned 100% blocks executed 100%
        3:  315:int handCard(int handPos, struct gameState *state) {
        3:  316:  int currentPlayer = whoseTurn(state);
call    0 returned 100%
        3:  317:  return state->hand[currentPlayer][handPos];
        -:  318:}
        -:  319:
function supplyCount called 15 returned 100% blocks executed 100%
       15:  320:int supplyCount(int card, struct gameState *state) {
       15:  321:  return state->supplyCount[card];
        -:  322:}
        -:  323:
function fullDeckCount called 0 returned 0% blocks executed 0%
    #####:  324:int fullDeckCount(int player, int card, struct gameState *state) {
        -:  325:  int i;
    #####:  326:  int count = 0;
        -:  327:
    #####:  328:  for (i = 0; i < state->deckCount[player]; i++)
branch  0 never executed
branch  1 never executed
        -:  329:    {
    #####:  330:      if (state->deck[player][i] == card) count++;
branch  0 never executed
branch  1 never executed
        -:  331:    }
        -:  332:
    #####:  333:  for (i = 0; i < state->handCount[player]; i++)
branch  0 never executed
branch  1 never executed
        -:  334:    {
    #####:  335:      if (state->hand[player][i] == card) count++;
branch  0 never executed
branch  1 never executed
        -:  336:    }
        -:  337:
    #####:  338:  for (i = 0; i < state->discardCount[player]; i++)
branch  0 never executed
branch  1 never executed
        -:  339:    {
    #####:  340:      if (state->discard[player][i] == card) count++;
branch  0 never executed
branch  1 never executed
        -:  341:    }
        -:  342:
    #####:  343:  return count;
        -:  344:}
        -:  345:
function whoseTurn called 26 returned 100% blocks executed 100%
       26:  346:int whoseTurn(struct gameState *state) {
       26:  347:  return state->whoseTurn;
        -:  348:}
        -:  349:
function endTurn called 0 returned 0% blocks executed 0%
    #####:  350:int endTurn(struct gameState *state) {
        -:  351:  int k;
        -:  352:  int i;
    #####:  353:  int currentPlayer = whoseTurn(state);
call    0 never executed
        -:  354:  
        -:  355:  //Discard hand
    #####:  356:  for (i = 0; i < state->handCount[currentPlayer]; i++){
branch  0 never executed
branch  1 never executed
    #####:  357:    state->discard[currentPlayer][state->discardCount[currentPlayer]++] = state->hand[currentPlayer][i];//Discard
    #####:  358:    state->hand[currentPlayer][i] = -1;//Set card to -1
        -:  359:  }
    #####:  360:  state->handCount[currentPlayer] = 0;//Reset hand count
        -:  361:    
        -:  362:  //Code for determining the player
    #####:  363:  if (currentPlayer < (state->numPlayers - 1)){ 
branch  0 never executed
branch  1 never executed
    #####:  364:    state->whoseTurn = currentPlayer + 1;//Still safe to increment
        -:  365:  }
        -:  366:  else{
    #####:  367:    state->whoseTurn = 0;//Max player has been reached, loop back around to player 1
        -:  368:  }
        -:  369:
    #####:  370:  state->outpostPlayed = 0;
    #####:  371:  state->phase = 0;
    #####:  372:  state->numActions = 1;
    #####:  373:  state->coins = 0;
    #####:  374:  state->numBuys = 1;
    #####:  375:  state->playedCardCount = 0;
    #####:  376:  state->handCount[state->whoseTurn] = 0;
        -:  377:
        -:  378:  //int k; move to top
        -:  379:  //Next player draws hand
    #####:  380:  for (k = 0; k < 5; k++){
branch  0 never executed
branch  1 never executed
    #####:  381:    drawCard(state->whoseTurn, state);//Draw a card
call    0 never executed
        -:  382:  }
        -:  383:
        -:  384:  //Update money
    #####:  385:  updateCoins(state->whoseTurn, state , 0);
call    0 never executed
        -:  386:
    #####:  387:  return 0;
        -:  388:}
        -:  389:
function isGameOver called 4 returned 100% blocks executed 100%
        4:  390:int isGameOver(struct gameState *state) {
        -:  391:  int i;
        -:  392:  int j;
        -:  393:	
        -:  394:  //if stack of Province cards is empty, the game ends
        4:  395:  if (state->supplyCount[province] == 0)
branch  0 taken 25% (fallthrough)
branch  1 taken 75%
        -:  396:    {
        1:  397:      return 1;
        -:  398:    }
        -:  399:
        -:  400:  //if three supply pile are at 0, the game ends
        3:  401:  j = 0;
       78:  402:  for (i = 0; i < 25; i++)
branch  0 taken 96%
branch  1 taken 4% (fallthrough)
        -:  403:    {
       75:  404:      if (state->supplyCount[i] == 0)
branch  0 taken 7% (fallthrough)
branch  1 taken 93%
        -:  405:	{
        5:  406:	  j++;
        -:  407:	}
        -:  408:    }
        3:  409:  if ( j >= 3)
branch  0 taken 33% (fallthrough)
branch  1 taken 67%
        -:  410:    {
        1:  411:      return 1;
        -:  412:    }
        -:  413:
        2:  414:  return 0;
        -:  415:}
        -:  416:
function scoreFor called 0 returned 0% blocks executed 0%
    #####:  417:int scoreFor (int player, struct gameState *state) {
        -:  418:
        -:  419:  int i;
    #####:  420:  int score = 0;
        -:  421:  //score from hand
    #####:  422:  for (i = 0; i < state->handCount[player]; i++)
branch  0 never executed
branch  1 never executed
        -:  423:    {
    #####:  424:      if (state->hand[player][i] == curse) { score = score - 1; };
branch  0 never executed
branch  1 never executed
    #####:  425:      if (state->hand[player][i] == estate) { score = score + 1; };
branch  0 never executed
branch  1 never executed
    #####:  426:      if (state->hand[player][i] == duchy) { score = score + 3; };
branch  0 never executed
branch  1 never executed
    #####:  427:      if (state->hand[player][i] == province) { score = score + 6; };
branch  0 never executed
branch  1 never executed
    #####:  428:      if (state->hand[player][i] == great_hall) { score = score + 1; };
branch  0 never executed
branch  1 never executed
    #####:  429:      if (state->hand[player][i] == gardens) { score = score + ( fullDeckCount(player, 0, state) / 10 ); };
branch  0 never executed
branch  1 never executed
call    2 never executed
        -:  430:    }
        -:  431:
        -:  432:  //score from discard
    #####:  433:  for (i = 0; i < state->discardCount[player]; i++)
branch  0 never executed
branch  1 never executed
        -:  434:    {
    #####:  435:      if (state->discard[player][i] == curse) { score = score - 1; };
branch  0 never executed
branch  1 never executed
    #####:  436:      if (state->discard[player][i] == estate) { score = score + 1; };
branch  0 never executed
branch  1 never executed
    #####:  437:      if (state->discard[player][i] == duchy) { score = score + 3; };
branch  0 never executed
branch  1 never executed
    #####:  438:      if (state->discard[player][i] == province) { score = score + 6; };
branch  0 never executed
branch  1 never executed
    #####:  439:      if (state->discard[player][i] == great_hall) { score = score + 1; };
branch  0 never executed
branch  1 never executed
    #####:  440:      if (state->discard[player][i] == gardens) { score = score + ( fullDeckCount(player, 0, state) / 10 ); };
branch  0 never executed
branch  1 never executed
call    2 never executed
        -:  441:    }
        -:  442:
        -:  443:  //score from deck
    #####:  444:  for (i = 0; i < state->discardCount[player]; i++)
branch  0 never executed
branch  1 never executed
        -:  445:    {
    #####:  446:      if (state->deck[player][i] == curse) { score = score - 1; };
branch  0 never executed
branch  1 never executed
    #####:  447:      if (state->deck[player][i] == estate) { score = score + 1; };
branch  0 never executed
branch  1 never executed
    #####:  448:      if (state->deck[player][i] == duchy) { score = score + 3; };
branch  0 never executed
branch  1 never executed
    #####:  449:      if (state->deck[player][i] == province) { score = score + 6; };
branch  0 never executed
branch  1 never executed
    #####:  450:      if (state->deck[player][i] == great_hall) { score = score + 1; };
branch  0 never executed
branch  1 never executed
    #####:  451:      if (state->deck[player][i] == gardens) { score = score + ( fullDeckCount(player, 0, state) / 10 ); };
branch  0 never executed
branch  1 never executed
call    2 never executed
        -:  452:    }
        -:  453:
    #####:  454:  return score;
        -:  455:}
        -:  456:
function getWinners called 0 returned 0% blocks executed 0%
    #####:  457:int getWinners(int players[MAX_PLAYERS], struct gameState *state) {
        -:  458:  int i;	
        -:  459:  int j;
        -:  460:  int highScore;
        -:  461:  int currentPlayer;
        -:  462:
        -:  463:  //get score for each player
    #####:  464:  for (i = 0; i < MAX_PLAYERS; i++)
branch  0 never executed
branch  1 never executed
        -:  465:    {
        -:  466:      //set unused player scores to -9999
    #####:  467:      if (i >= state->numPlayers)
branch  0 never executed
branch  1 never executed
        -:  468:	{
    #####:  469:	  players[i] = -9999;
        -:  470:	}
        -:  471:      else
        -:  472:	{
    #####:  473:	  players[i] = scoreFor (i, state);
call    0 never executed
        -:  474:	}
        -:  475:    }
        -:  476:
        -:  477:  //find highest score
    #####:  478:  j = 0;
    #####:  479:  for (i = 0; i < MAX_PLAYERS; i++)
branch  0 never executed
branch  1 never executed
        -:  480:    {
    #####:  481:      if (players[i] > players[j])
branch  0 never executed
branch  1 never executed
        -:  482:	{
    #####:  483:	  j = i;
        -:  484:	}
        -:  485:    }
    #####:  486:  highScore = players[j];
        -:  487:
        -:  488:  //add 1 to players who had less turns
    #####:  489:  currentPlayer = whoseTurn(state);
call    0 never executed
    #####:  490:  for (i = 0; i < MAX_PLAYERS; i++)
branch  0 never executed
branch  1 never executed
        -:  491:    {
    #####:  492:      if ( players[i] == highScore && i > currentPlayer )
branch  0 never executed
branch  1 never executed
branch  2 never executed
branch  3 never executed
        -:  493:	{
    #####:  494:	  players[i]++;
        -:  495:	}
        -:  496:    }
        -:  497:
        -:  498:  //find new highest score
    #####:  499:  j = 0;
    #####:  500:  for (i = 0; i < MAX_PLAYERS; i++)
branch  0 never executed
branch  1 never executed
        -:  501:    {
    #####:  502:      if ( players[i] > players[j] )
branch  0 never executed
branch  1 never executed
        -:  503:	{
    #####:  504:	  j = i;
        -:  505:	}
        -:  506:    }
    #####:  507:  highScore = players[j];
        -:  508:
        -:  509:  //set winners in array to 1 and rest to 0
    #####:  510:  for (i = 0; i < MAX_PLAYERS; i++)
branch  0 never executed
branch  1 never executed
        -:  511:    {
    #####:  512:      if ( players[i] == highScore )
branch  0 never executed
branch  1 never executed
        -:  513:	{
    #####:  514:	  players[i] = 1;
        -:  515:	}
        -:  516:      else
        -:  517:	{
    #####:  518:	  players[i] = 0;
        -:  519:	}
        -:  520:    }
        -:  521:
    #####:  522:  return 0;
        -:  523:}
        -:  524:
function drawCard called 166 returned 100% blocks executed 85%
      166:  525:int drawCard(int player, struct gameState *state)
        -:  526:{	int count;
        -:  527:  int deckCounter;
      166:  528:  if (state->deckCount[player] <= 0){//Deck is empty
branch  0 taken 5% (fallthrough)
branch  1 taken 95%
        -:  529:    
        -:  530:    //Step 1 Shuffle the discard pile back into a deck
        -:  531:    int i;
        -:  532:    //Move discard to deck
        8:  533:    for (i = 0; i < state->discardCount[player];i++){
branch  0 taken 0%
branch  1 taken 100% (fallthrough)
    #####:  534:      state->deck[player][i] = state->discard[player][i];
    #####:  535:      state->discard[player][i] = -1;
        -:  536:    }
        -:  537:
        8:  538:    state->deckCount[player] = state->discardCount[player];
        8:  539:    state->discardCount[player] = 0;//Reset discard
        -:  540:
        -:  541:    //Shufffle the deck
        8:  542:    shuffle(player, state);//Shuffle the deck up and make it so that we can draw
call    0 returned 100%
        -:  543:   
        -:  544:    if (DEBUG){//Debug statements
        -:  545:      printf("Deck count now: %d\n", state->deckCount[player]);
        -:  546:    }
        -:  547:    
        8:  548:    state->discardCount[player] = 0;
        -:  549:
        -:  550:    //Step 2 Draw Card
        8:  551:    count = state->handCount[player];//Get current player's hand count
        -:  552:    
        -:  553:    if (DEBUG){//Debug statements
        -:  554:      printf("Current hand count: %d\n", count);
        -:  555:    }
        -:  556:    
        8:  557:    deckCounter = state->deckCount[player];//Create a holder for the deck count
        -:  558:
        8:  559:    if (deckCounter == 0)
branch  0 taken 100% (fallthrough)
branch  1 taken 0%
        8:  560:      return -1;
        -:  561:
    #####:  562:    state->hand[player][count] = state->deck[player][deckCounter - 1];//Add card to hand
    #####:  563:    state->deckCount[player]--;
    #####:  564:    state->handCount[player]++;//Increment hand count
        -:  565:  }
        -:  566:
        -:  567:  else{
      158:  568:    int count = state->handCount[player];//Get current hand count for player
        -:  569:    int deckCounter;
        -:  570:    if (DEBUG){//Debug statements
        -:  571:      printf("Current hand count: %d\n", count);
        -:  572:    }
        -:  573:
      158:  574:    deckCounter = state->deckCount[player];//Create holder for the deck count
      158:  575:    state->hand[player][count] = state->deck[player][deckCounter - 1];//Add card to the hand
      158:  576:    state->deckCount[player]--;
      158:  577:    state->handCount[player]++;//Increment hand count
        -:  578:  }
        -:  579:
      158:  580:  return 0;
        -:  581:}
        -:  582:
function getCost called 0 returned 0% blocks executed 0%
    #####:  583:int getCost(int cardNumber)
        -:  584:{
    #####:  585:  switch( cardNumber ) 
branch  0 never executed
branch  1 never executed
branch  2 never executed
branch  3 never executed
branch  4 never executed
branch  5 never executed
branch  6 never executed
branch  7 never executed
branch  8 never executed
branch  9 never executed
branch 10 never executed
branch 11 never executed
branch 12 never executed
branch 13 never executed
branch 14 never executed
branch 15 never executed
branch 16 never executed
branch 17 never executed
branch 18 never executed
branch 19 never executed
branch 20 never executed
branch 21 never executed
branch 22 never executed
branch 23 never executed
branch 24 never executed
branch 25 never executed
branch 26 never executed
branch 27 never executed
        -:  586:    {
    #####:  587:    case curse:
    #####:  588:      return 0;
    #####:  589:    case estate:
    #####:  590:      return 2;
    #####:  591:    case duchy:
    #####:  592:      return 5;
    #####:  593:    case province:
    #####:  594:      return 8;
    #####:  595:    case copper:
    #####:  596:      return 0;
    #####:  597:    case silver:
    #####:  598:      return 3;
    #####:  599:    case gold:
    #####:  600:      return 6;
    #####:  601:    case adventurer:
    #####:  602:      return 6;
    #####:  603:    case council_room:
    #####:  604:      return 5;
    #####:  605:    case feast:
    #####:  606:      return 4;
    #####:  607:    case gardens:
    #####:  608:      return 4;
    #####:  609:    case mine:
    #####:  610:      return 5;
    #####:  611:    case remodel:
    #####:  612:      return 4;
    #####:  613:    case smithy:
    #####:  614:      return 4;
    #####:  615:    case village:
    #####:  616:      return 3;
    #####:  617:    case baron:
    #####:  618:      return 4;
    #####:  619:    case great_hall:
    #####:  620:      return 3;
    #####:  621:    case minion:
    #####:  622:      return 5;
    #####:  623:    case steward:
    #####:  624:      return 3;
    #####:  625:    case tribute:
    #####:  626:      return 5;
    #####:  627:    case ambassador:
    #####:  628:      return 3;
    #####:  629:    case cutpurse:
    #####:  630:      return 4;
    #####:  631:    case embargo: 
    #####:  632:      return 2;
    #####:  633:    case outpost:
    #####:  634:      return 5;
    #####:  635:    case salvager:
    #####:  636:      return 4;
    #####:  637:    case sea_hag:
    #####:  638:      return 4;
    #####:  639:    case treasure_map:
    #####:  640:      return 4;
        -:  641:    }
        -:  642:	
    #####:  643:  return -1;
        -:  644:}
        -:  645:
        -:  646:
function playAdventurer called 2 returned 100% blocks executed 100%
        2:  647:int playAdventurer(struct gameState *state)
        -:  648:{
        -:  649:
        2:  650:  int currentPlayer = whoseTurn(state);
call    0 returned 100%
        -:  651:
        -:  652:  int temphand[MAX_HAND];// moved above the if statement
        2:  653:  int drawntreasure=0;
        -:  654:  int cardDrawn;
        2:  655:  int z = 0;// this is the counter for the temp hand
        -:  656:
       18:  657:      while(drawntreasure<2){
branch  0 taken 88%
branch  1 taken 13% (fallthrough)
       14:  658:	if (state->deckCount[currentPlayer] <1){//if the deck is empty we need to shuffle discard and add to deck
branch  0 taken 29% (fallthrough)
branch  1 taken 71%
        4:  659:	  shuffle(currentPlayer, state);
call    0 returned 100%
        -:  660:	}
       14:  661:	drawCard(currentPlayer, state);
call    0 returned 100%
       14:  662:	cardDrawn = state->hand[currentPlayer][state->handCount[currentPlayer]];//top card of hand is most recently drawn card.
       14:  663:	if (cardDrawn == copper || cardDrawn == silver || cardDrawn == gold)
branch  0 taken 71% (fallthrough)
branch  1 taken 29%
branch  2 taken 100% (fallthrough)
branch  3 taken 0%
branch  4 taken 0% (fallthrough)
branch  5 taken 100%
        4:  664:	  drawntreasure++;
        -:  665:	else{
       10:  666:	  temphand[z]=cardDrawn;
       10:  667:	  state->handCount[currentPlayer]--; //this should just remove the top card (the most recently drawn one).
       10:  668:	  z++;
        -:  669:	}
        -:  670:      }
       14:  671:      while(z-1>=0){
branch  0 taken 83%
branch  1 taken 17% (fallthrough)
       10:  672:	state->discard[currentPlayer][state->discardCount[currentPlayer]++]=temphand[z-1]; // discard all cards in play that have been drawn
       10:  673:	z=z-1;
        -:  674:      }
        2:  675:      return 0;
        -:  676:    
        -:  677:}	
        -:  678:
        -:  679:
function playCouncilRoom called 3 returned 100% blocks executed 100%
        3:  680:int playCouncilRoom(struct gameState *state, int handPos)
        -:  681:{
        -:  682:  int i;
        3:  683:  int currentPlayer = whoseTurn(state);
call    0 returned 100%
        -:  684:
        -:  685:      //+4 Cards
       15:  686:      for (i = 0; i < 4; i++)
branch  0 taken 80%
branch  1 taken 20% (fallthrough)
        -:  687:	{
       12:  688:	  drawCard(currentPlayer, state);
call    0 returned 100%
        -:  689:	}
        -:  690:			
        -:  691:      //+1 Buy
        3:  692:      state->numBuys++;
        -:  693:			
        -:  694:      //Each other player draws a card
        9:  695:      for (i = 0; i < state->numPlayers; i++)
branch  0 taken 67%
branch  1 taken 33% (fallthrough)
        -:  696:	{
        6:  697:	  if ( i == currentPlayer )
branch  0 taken 50% (fallthrough)
branch  1 taken 50%
        -:  698:	    {
        3:  699:	      drawCard(i, state);
call    0 returned 100%
        -:  700:	    }
        -:  701:	}
        -:  702:			
        -:  703:      //put played card in played card pile
        3:  704:      discardCard(handPos, currentPlayer, state, 0);
call    0 returned 100%
        -:  705:			
        3:  706:      return 0;
        -:  707:}
        -:  708:
function playSmithy called 4 returned 100% blocks executed 75%
        4:  709:int playSmithy(struct gameState *state, int handPos)
        -:  710:{
        -:  711:      int i;
        4:  712:      int currentPlayer = whoseTurn(state);
call    0 returned 100%
        -:  713:
        -:  714:      //+3 Cards
        4:  715:      for (i = 0; i > 3; i++)
branch  0 taken 0%
branch  1 taken 100% (fallthrough)
        -:  716:	{
    #####:  717:	  drawCard(currentPlayer, state);
call    0 never executed
        -:  718:	}
        -:  719:			
        -:  720:      //discard card from hand
        4:  721:      discardCard(handPos, currentPlayer, state, 0);
call    0 returned 100%
        4:  722:      return 0;
        -:  723:}
        -:  724:
function playVillage called 2 returned 100% blocks executed 100%
        2:  725:int playVillage(struct gameState *state, int handPos)
        -:  726:{
        2:  727:      int currentPlayer = whoseTurn(state);
call    0 returned 100%
        -:  728:      //+1 Card
        2:  729:      drawCard(currentPlayer, state);
call    0 returned 100%
        -:  730:			
        -:  731:      //+2 Actions
        2:  732:      state->numActions = state->numActions + 2;
        -:  733:			
        -:  734:      //discard played card from hand
        2:  735:      discardCard(handPos, currentPlayer, state, 1);
call    0 returned 100%
        2:  736:      return 0;
        -:  737:}
        -:  738:
function playRemodel called 0 returned 0% blocks executed 0%
    #####:  739:int playRemodel(struct gameState *state, int choice1, int choice2, int handPos)
        -:  740:{
        -:  741:
        -:  742:      int i,j;
    #####:  743:      int currentPlayer = whoseTurn(state);
call    0 never executed
        -:  744:
    #####:  745:      j = state->hand[currentPlayer][choice1];  //store card we will trash
        -:  746:
    #####:  747:      if ( (getCost(state->hand[currentPlayer][choice1]) + 2) > getCost(choice2) )
call    0 never executed
call    1 never executed
branch  2 never executed
branch  3 never executed
        -:  748:	{
    #####:  749:	  return -1;
        -:  750:	}
        -:  751:
    #####:  752:      gainCard(choice2, state, 0, currentPlayer);
call    0 never executed
        -:  753:
        -:  754:      //discard card from hand
    #####:  755:      discardCard(handPos, currentPlayer, state, 0);
call    0 never executed
        -:  756:
        -:  757:      //discard trashed card
    #####:  758:      for (i = 0; i < state->handCount[currentPlayer]; i++)
branch  0 never executed
branch  1 never executed
        -:  759:	{
    #####:  760:	  if (state->hand[currentPlayer][i] == j)
branch  0 never executed
branch  1 never executed
        -:  761:	    {
    #####:  762:	      discardCard(i, currentPlayer, state, 0);			
call    0 never executed
    #####:  763:	      break;
        -:  764:	    }
        -:  765:	}
        -:  766:
    #####:  767:      return 0;
        -:  768:
        -:  769:}
        -:  770:
function cardEffect called 11 returned 100% blocks executed 4%
       11:  771:int cardEffect(int card, int choice1, int choice2, int choice3, struct gameState *state, int handPos, int *bonus)
        -:  772:{
        -:  773:  int i;
        -:  774:  int j;
        -:  775:  int k;
        -:  776:  int x;
        -:  777:  int index;
       11:  778:  int currentPlayer = whoseTurn(state);
call    0 returned 100%
       11:  779:  int nextPlayer = currentPlayer + 1;
        -:  780:
       11:  781:  int tributeRevealedCards[2] = {-1, -1};
        -:  782:  int temphand[MAX_HAND];// moved above the if statement
       11:  783:  if (nextPlayer > (state->numPlayers - 1)){
branch  0 taken 0% (fallthrough)
branch  1 taken 100%
    #####:  784:    nextPlayer = 0;
        -:  785:  }
        -:  786:  
        -:  787:	
        -:  788:  //uses switch to select card and perform actions
       11:  789:  switch( card ) 
branch  0 taken 18%
branch  1 taken 27%
branch  2 taken 0%
branch  3 taken 0%
branch  4 taken 0%
branch  5 taken 0%
branch  6 taken 36%
branch  7 taken 18%
branch  8 taken 0%
branch  9 taken 0%
branch 10 taken 0%
branch 11 taken 0%
branch 12 taken 0%
branch 13 taken 0%
branch 14 taken 0%
branch 15 taken 0%
branch 16 taken 0%
branch 17 taken 0%
branch 18 taken 0%
branch 19 taken 0%
branch 20 taken 0%
        -:  790:    {
        2:  791:    case adventurer:
        2:  792:	    return playAdventurer(state);
call    0 returned 100%
        -:  793:			
        3:  794:    case council_room:
        3:  795:	    return playCouncilRoom(state, handPos);
call    0 returned 100%
        -:  796:			
    #####:  797:    case feast:
        -:  798:      //gain card with cost up to 5
        -:  799:      //Backup hand
    #####:  800:      for (i = 0; i <= state->handCount[currentPlayer]; i++){
branch  0 never executed
branch  1 never executed
    #####:  801:	temphand[i] = state->hand[currentPlayer][i];//Backup card
    #####:  802:	state->hand[currentPlayer][i] = -1;//Set to nothing
        -:  803:      }
        -:  804:      //Backup hand
        -:  805:
        -:  806:      //Update Coins for Buy
    #####:  807:      updateCoins(currentPlayer, state, 5);
call    0 never executed
    #####:  808:      x = 1;//Condition to loop on
    #####:  809:      while( x == 1) {//Buy one card
branch  0 never executed
branch  1 never executed
    #####:  810:	if (supplyCount(choice1, state) <= 0){
call    0 never executed
branch  1 never executed
branch  2 never executed
        -:  811:	  if (DEBUG)
        -:  812:	    printf("None of that card left, sorry!\n");
        -:  813:
        -:  814:	  if (DEBUG){
        -:  815:	    printf("Cards Left: %d\n", supplyCount(choice1, state));
        -:  816:	  }
        -:  817:	}
    #####:  818:	else if (state->coins < getCost(choice1)){
call    0 never executed
branch  1 never executed
branch  2 never executed
    #####:  819:	  printf("That card is too expensive!\n");
call    0 never executed
        -:  820:
        -:  821:	  if (DEBUG){
        -:  822:	    printf("Coins: %d < %d\n", state->coins, getCost(choice1));
        -:  823:	  }
        -:  824:	}
        -:  825:	else{
        -:  826:
        -:  827:	  if (DEBUG){
        -:  828:	    printf("Deck Count: %d\n", state->handCount[currentPlayer] + state->deckCount[currentPlayer] + state->discardCount[currentPlayer]);
        -:  829:	  }
        -:  830:
    #####:  831:	  gainCard(choice1, state, 0, currentPlayer);//Gain the card
call    0 never executed
    #####:  832:	  x = 0;//No more buying cards
        -:  833:
        -:  834:	  if (DEBUG){
        -:  835:	    printf("Deck Count: %d\n", state->handCount[currentPlayer] + state->deckCount[currentPlayer] + state->discardCount[currentPlayer]);
        -:  836:	  }
        -:  837:
        -:  838:	}
        -:  839:      }     
        -:  840:
        -:  841:      //Reset Hand
    #####:  842:      for (i = 0; i <= state->handCount[currentPlayer]; i++){
branch  0 never executed
branch  1 never executed
    #####:  843:	state->hand[currentPlayer][i] = temphand[i];
    #####:  844:	temphand[i] = -1;
        -:  845:      }
        -:  846:      //Reset Hand
        -:  847:      			
    #####:  848:      return 0;
        -:  849:			
    #####:  850:    case gardens:
    #####:  851:      return -1;
        -:  852:			
    #####:  853:    case mine:
    #####:  854:      j = state->hand[currentPlayer][choice1];  //store card we will trash
        -:  855:
    #####:  856:      if (state->hand[currentPlayer][choice1] < copper || state->hand[currentPlayer][choice1] > gold)
branch  0 never executed
branch  1 never executed
branch  2 never executed
branch  3 never executed
        -:  857:	{
    #####:  858:	  return -1;
        -:  859:	}
        -:  860:		
    #####:  861:      if (choice2 > treasure_map || choice2 < curse)
branch  0 never executed
branch  1 never executed
branch  2 never executed
branch  3 never executed
        -:  862:	{
    #####:  863:	  return -1;
        -:  864:	}
        -:  865:
    #####:  866:      if ( (getCost(state->hand[currentPlayer][choice1]) + 3) > getCost(choice2) )
call    0 never executed
call    1 never executed
branch  2 never executed
branch  3 never executed
        -:  867:	{
    #####:  868:	  return -1;
        -:  869:	}
        -:  870:
    #####:  871:      gainCard(choice2, state, 2, currentPlayer);
call    0 never executed
        -:  872:
        -:  873:      //discard card from hand
    #####:  874:      discardCard(handPos, currentPlayer, state, 0);
call    0 never executed
        -:  875:
        -:  876:      //discard trashed card
    #####:  877:      for (i = 0; i < state->handCount[currentPlayer]; i++)
branch  0 never executed
branch  1 never executed
        -:  878:	{
    #####:  879:	  if (state->hand[currentPlayer][i] == j)
branch  0 never executed
branch  1 never executed
        -:  880:	    {
    #####:  881:	      discardCard(i, currentPlayer, state, 0);			
call    0 never executed
    #####:  882:	      break;
        -:  883:	    }
        -:  884:	}
        -:  885:			
    #####:  886:      return 0;
        -:  887:			
    #####:  888:    case remodel:
    #####:  889:	return playRemodel(state, choice1, choice2, handPos);	
call    0 never executed
        4:  890:    case smithy:
        4:  891:      return playSmithy(state, handPos);
call    0 returned 100%
        -:  892:		
        2:  893:    case village:
        2:  894:      return playVillage(state, handPos);
call    0 returned 100%
        -:  895:		
    #####:  896:    case baron:
    #####:  897:      state->numBuys++;//Increase buys by 1!
    #####:  898:      if (choice1 > 0){//Boolean true or going to discard an estate
branch  0 never executed
branch  1 never executed
    #####:  899:	int p = 0;//Iterator for hand!
    #####:  900:	int card_not_discarded = 1;//Flag for discard set!
    #####:  901:	while(card_not_discarded){
branch  0 never executed
branch  1 never executed
    #####:  902:	  if (state->hand[currentPlayer][p] == estate){//Found an estate card!
branch  0 never executed
branch  1 never executed
    #####:  903:	    state->coins += 4;//Add 4 coins to the amount of coins
    #####:  904:	    state->discard[currentPlayer][state->discardCount[currentPlayer]] = state->hand[currentPlayer][p];
    #####:  905:	    state->discardCount[currentPlayer]++;
    #####:  906:	    for (;p < state->handCount[currentPlayer]; p++){
branch  0 never executed
branch  1 never executed
    #####:  907:	      state->hand[currentPlayer][p] = state->hand[currentPlayer][p+1];
        -:  908:	    }
    #####:  909:	    state->hand[currentPlayer][state->handCount[currentPlayer]] = -1;
    #####:  910:	    state->handCount[currentPlayer]--;
    #####:  911:	    card_not_discarded = 0;//Exit the loop
        -:  912:	  }
    #####:  913:	  else if (p > state->handCount[currentPlayer]){
branch  0 never executed
branch  1 never executed
        -:  914:	    if(DEBUG) {
        -:  915:	      printf("No estate cards in your hand, invalid choice\n");
        -:  916:	      printf("Must gain an estate if there are any\n");
        -:  917:	    }
    #####:  918:	    if (supplyCount(estate, state) > 0){
call    0 never executed
branch  1 never executed
branch  2 never executed
    #####:  919:	      gainCard(estate, state, 0, currentPlayer);
call    0 never executed
    #####:  920:	      state->supplyCount[estate]--;//Decrement estates
    #####:  921:	      if (supplyCount(estate, state) == 0){
call    0 never executed
branch  1 never executed
branch  2 never executed
    #####:  922:		isGameOver(state);
call    0 never executed
        -:  923:	      }
        -:  924:	    }
    #####:  925:	    card_not_discarded = 0;//Exit the loop
        -:  926:	  }
        -:  927:			    
        -:  928:	  else{
    #####:  929:	    p++;//Next card
        -:  930:	  }
        -:  931:	}
        -:  932:      }
        -:  933:			    
        -:  934:      else{
    #####:  935:	if (supplyCount(estate, state) > 0){
call    0 never executed
branch  1 never executed
branch  2 never executed
    #####:  936:	  gainCard(estate, state, 0, currentPlayer);//Gain an estate
call    0 never executed
    #####:  937:	  state->supplyCount[estate]--;//Decrement Estates
    #####:  938:	  if (supplyCount(estate, state) == 0){
call    0 never executed
branch  1 never executed
branch  2 never executed
    #####:  939:	    isGameOver(state);
call    0 never executed
        -:  940:	  }
        -:  941:	}
        -:  942:      }
        -:  943:	    
        -:  944:      
    #####:  945:      return 0;
        -:  946:		
    #####:  947:    case great_hall:
        -:  948:      //+1 Card
    #####:  949:      drawCard(currentPlayer, state);
call    0 never executed
        -:  950:			
        -:  951:      //+1 Actions
    #####:  952:      state->numActions++;
        -:  953:			
        -:  954:      //discard card from hand
    #####:  955:      discardCard(handPos, currentPlayer, state, 0);
call    0 never executed
    #####:  956:      return 0;
        -:  957:		
    #####:  958:    case minion:
        -:  959:      //+1 action
    #####:  960:      state->numActions++;
        -:  961:			
        -:  962:      //discard card from hand
    #####:  963:      discardCard(handPos, currentPlayer, state, 0);
call    0 never executed
        -:  964:			
    #####:  965:      if (choice1)		//+2 coins
branch  0 never executed
branch  1 never executed
        -:  966:	{
    #####:  967:	  state->coins = state->coins + 2;
        -:  968:	}
        -:  969:			
    #####:  970:      else if (choice2)		//discard hand, redraw 4, other players with 5+ cards discard hand and draw 4
branch  0 never executed
branch  1 never executed
        -:  971:	{
        -:  972:	  //discard hand
    #####:  973:	  while(numHandCards(state) > 0)
call    0 never executed
branch  1 never executed
branch  2 never executed
        -:  974:	    {
    #####:  975:	      discardCard(handPos, currentPlayer, state, 0);
call    0 never executed
        -:  976:	    }
        -:  977:				
        -:  978:	  //draw 4
    #####:  979:	  for (i = 0; i < 4; i++)
branch  0 never executed
branch  1 never executed
        -:  980:	    {
    #####:  981:	      drawCard(currentPlayer, state);
call    0 never executed
        -:  982:	    }
        -:  983:				
        -:  984:	  //other players discard hand and redraw if hand size > 4
    #####:  985:	  for (i = 0; i < state->numPlayers; i++)
branch  0 never executed
branch  1 never executed
        -:  986:	    {
    #####:  987:	      if (i != currentPlayer)
branch  0 never executed
branch  1 never executed
        -:  988:		{
    #####:  989:		  if ( state->handCount[i] > 4 )
branch  0 never executed
branch  1 never executed
        -:  990:		    {
        -:  991:		      //discard hand
    #####:  992:		      while( state->handCount[i] > 0 )
branch  0 never executed
branch  1 never executed
        -:  993:			{
    #####:  994:			  discardCard(handPos, i, state, 0);
call    0 never executed
        -:  995:			}
        -:  996:							
        -:  997:		      //draw 4
    #####:  998:		      for (j = 0; j < 4; j++)
branch  0 never executed
branch  1 never executed
        -:  999:			{
    #####: 1000:			  drawCard(i, state);
call    0 never executed
        -: 1001:			}
        -: 1002:		    }
        -: 1003:		}
        -: 1004:	    }
        -: 1005:				
        -: 1006:	}
    #####: 1007:      return 0;
        -: 1008:		
    #####: 1009:    case steward:
    #####: 1010:      if (choice1 == 1)
branch  0 never executed
branch  1 never executed
        -: 1011:	{
        -: 1012:	  //+2 cards
    #####: 1013:	  drawCard(currentPlayer, state);
call    0 never executed
    #####: 1014:	  drawCard(currentPlayer, state);
call    0 never executed
        -: 1015:	}
    #####: 1016:      else if (choice1 == 2)
branch  0 never executed
branch  1 never executed
        -: 1017:	{
        -: 1018:	  //+2 coins
    #####: 1019:	  state->coins = state->coins + 2;
        -: 1020:	}
        -: 1021:      else
        -: 1022:	{
        -: 1023:	  //trash 2 cards in hand
    #####: 1024:	  discardCard(choice2, currentPlayer, state, 1);
call    0 never executed
    #####: 1025:	  discardCard(choice3, currentPlayer, state, 1);
call    0 never executed
        -: 1026:	}
        -: 1027:			
        -: 1028:      //discard card from hand
    #####: 1029:      discardCard(handPos, currentPlayer, state, 0);
call    0 never executed
    #####: 1030:      return 0;
        -: 1031:		
    #####: 1032:    case tribute:
    #####: 1033:      if ((state->discardCount[nextPlayer] + state->deckCount[nextPlayer]) <= 1){
branch  0 never executed
branch  1 never executed
    #####: 1034:	if (state->deckCount[nextPlayer] > 0){
branch  0 never executed
branch  1 never executed
    #####: 1035:	  tributeRevealedCards[0] = state->deck[nextPlayer][state->deckCount[nextPlayer]-1];
    #####: 1036:	  state->deckCount[nextPlayer]--;
        -: 1037:	}
    #####: 1038:	else if (state->discardCount[nextPlayer] > 0){
branch  0 never executed
branch  1 never executed
    #####: 1039:	  tributeRevealedCards[0] = state->discard[nextPlayer][state->discardCount[nextPlayer]-1];
    #####: 1040:	  state->discardCount[nextPlayer]--;
        -: 1041:	}
        -: 1042:	else{
        -: 1043:	  //No Card to Reveal
        -: 1044:	  if (DEBUG){
        -: 1045:	    printf("No cards to reveal\n");
        -: 1046:	  }
        -: 1047:	}
        -: 1048:      }
        -: 1049:	    
        -: 1050:      else{
    #####: 1051:	if (state->deckCount[nextPlayer] == 0){
branch  0 never executed
branch  1 never executed
    #####: 1052:	  for (i = 0; i < state->discardCount[nextPlayer]; i++){
branch  0 never executed
branch  1 never executed
    #####: 1053:	    state->deck[nextPlayer][i] = state->discard[nextPlayer][i];//Move to deck
    #####: 1054:	    state->deckCount[nextPlayer]++;
    #####: 1055:	    state->discard[nextPlayer][i] = -1;
    #####: 1056:	    state->discardCount[nextPlayer]--;
        -: 1057:	  }
        -: 1058:			    
    #####: 1059:	  shuffle(nextPlayer,state);//Shuffle the deck
call    0 never executed
        -: 1060:	} 
    #####: 1061:	tributeRevealedCards[0] = state->deck[nextPlayer][state->deckCount[nextPlayer]-1];
    #####: 1062:	state->deck[nextPlayer][state->deckCount[nextPlayer]--] = -1;
    #####: 1063:	state->deckCount[nextPlayer]--;
    #####: 1064:	tributeRevealedCards[1] = state->deck[nextPlayer][state->deckCount[nextPlayer]-1];
    #####: 1065:	state->deck[nextPlayer][state->deckCount[nextPlayer]--] = -1;
    #####: 1066:	state->deckCount[nextPlayer]--;
        -: 1067:      }    
        -: 1068:		       
    #####: 1069:      if (tributeRevealedCards[0] == tributeRevealedCards[1]){//If we have a duplicate card, just drop one 
branch  0 never executed
branch  1 never executed
    #####: 1070:	state->playedCards[state->playedCardCount] = tributeRevealedCards[1];
    #####: 1071:	state->playedCardCount++;
    #####: 1072:	tributeRevealedCards[1] = -1;
        -: 1073:      }
        -: 1074:
    #####: 1075:      for (i = 0; i <= 2; i ++){
branch  0 never executed
branch  1 never executed
    #####: 1076:	if (tributeRevealedCards[i] == copper || tributeRevealedCards[i] == silver || tributeRevealedCards[i] == gold){//Treasure cards
branch  0 never executed
branch  1 never executed
branch  2 never executed
branch  3 never executed
branch  4 never executed
branch  5 never executed
    #####: 1077:	  state->coins += 2;
        -: 1078:	}
        -: 1079:		    
    #####: 1080:	else if (tributeRevealedCards[i] == estate || tributeRevealedCards[i] == duchy || tributeRevealedCards[i] == province || tributeRevealedCards[i] == gardens || tributeRevealedCards[i] == great_hall){//Victory Card Found
branch  0 never executed
branch  1 never executed
branch  2 never executed
branch  3 never executed
branch  4 never executed
branch  5 never executed
branch  6 never executed
branch  7 never executed
branch  8 never executed
branch  9 never executed
    #####: 1081:	  drawCard(currentPlayer, state);
call    0 never executed
    #####: 1082:	  drawCard(currentPlayer, state);
call    0 never executed
        -: 1083:	}
        -: 1084:	else{//Action Card
    #####: 1085:	  state->numActions = state->numActions + 2;
        -: 1086:	}
        -: 1087:      }
        -: 1088:	    
    #####: 1089:      return 0;
        -: 1090:		
    #####: 1091:    case ambassador:
    #####: 1092:      j = 0;		//used to check if player has enough cards to discard
        -: 1093:
    #####: 1094:      if (choice2 > 2 || choice2 < 0)
branch  0 never executed
branch  1 never executed
branch  2 never executed
branch  3 never executed
        -: 1095:	{
    #####: 1096:	  return -1;				
        -: 1097:	}
        -: 1098:
    #####: 1099:      if (choice1 == handPos)
branch  0 never executed
branch  1 never executed
        -: 1100:	{
    #####: 1101:	  return -1;
        -: 1102:	}
        -: 1103:
    #####: 1104:      for (i = 0; i < state->handCount[currentPlayer]; i++)
branch  0 never executed
branch  1 never executed
        -: 1105:	{
    #####: 1106:	  if (i != handPos && i == state->hand[currentPlayer][choice1] && i != choice1)
branch  0 never executed
branch  1 never executed
branch  2 never executed
branch  3 never executed
branch  4 never executed
branch  5 never executed
        -: 1107:	    {
    #####: 1108:	      j++;
        -: 1109:	    }
        -: 1110:	}
    #####: 1111:      if (j < choice2)
branch  0 never executed
branch  1 never executed
        -: 1112:	{
    #####: 1113:	  return -1;				
        -: 1114:	}
        -: 1115:
        -: 1116:      if (DEBUG) 
        -: 1117:	printf("Player %d reveals card number: %d\n", currentPlayer, state->hand[currentPlayer][choice1]);
        -: 1118:
        -: 1119:      //increase supply count for choosen card by amount being discarded
    #####: 1120:      state->supplyCount[state->hand[currentPlayer][choice1]] += choice2;
        -: 1121:			
        -: 1122:      //each other player gains a copy of revealed card
    #####: 1123:      for (i = 0; i < state->numPlayers; i++)
branch  0 never executed
branch  1 never executed
        -: 1124:	{
    #####: 1125:	  if (i != currentPlayer)
branch  0 never executed
branch  1 never executed
        -: 1126:	    {
    #####: 1127:	      gainCard(state->hand[currentPlayer][choice1], state, 0, i);
call    0 never executed
        -: 1128:	    }
        -: 1129:	}
        -: 1130:
        -: 1131:      //discard played card from hand
    #####: 1132:      discardCard(handPos, currentPlayer, state, 0);			
call    0 never executed
        -: 1133:
        -: 1134:      //trash copies of cards returned to supply
    #####: 1135:      for (j = 0; j < choice2; j++)
branch  0 never executed
branch  1 never executed
        -: 1136:	{
    #####: 1137:	  for (i = 0; i < state->handCount[currentPlayer]; i++)
branch  0 never executed
branch  1 never executed
        -: 1138:	    {
    #####: 1139:	      if (state->hand[currentPlayer][i] == state->hand[currentPlayer][choice1])
branch  0 never executed
branch  1 never executed
        -: 1140:		{
    #####: 1141:		  discardCard(i, currentPlayer, state, 1);
call    0 never executed
    #####: 1142:		  break;
        -: 1143:		}
        -: 1144:	    }
        -: 1145:	}			
        -: 1146:
    #####: 1147:      return 0;
        -: 1148:		
    #####: 1149:    case cutpurse:
        -: 1150:
    #####: 1151:      updateCoins(currentPlayer, state, 2);
call    0 never executed
    #####: 1152:      for (i = 0; i < state->numPlayers; i++)
branch  0 never executed
branch  1 never executed
        -: 1153:	{
    #####: 1154:	  if (i != currentPlayer)
branch  0 never executed
branch  1 never executed
        -: 1155:	    {
    #####: 1156:	      for (j = 0; j < state->handCount[i]; j++)
branch  0 never executed
branch  1 never executed
        -: 1157:		{
    #####: 1158:		  if (state->hand[i][j] == copper)
branch  0 never executed
branch  1 never executed
        -: 1159:		    {
    #####: 1160:		      discardCard(j, i, state, 0);
call    0 never executed
    #####: 1161:		      break;
        -: 1162:		    }
    #####: 1163:		  if (j == state->handCount[i])
branch  0 never executed
branch  1 never executed
        -: 1164:		    {
    #####: 1165:		      for (k = 0; k < state->handCount[i]; k++)
branch  0 never executed
branch  1 never executed
        -: 1166:			{
        -: 1167:			  if (DEBUG)
        -: 1168:			    printf("Player %d reveals card number %d\n", i, state->hand[i][k]);
        -: 1169:			}	
    #####: 1170:		      break;
        -: 1171:		    }		
        -: 1172:		}
        -: 1173:					
        -: 1174:	    }
        -: 1175:				
        -: 1176:	}				
        -: 1177:
        -: 1178:      //discard played card from hand
    #####: 1179:      discardCard(handPos, currentPlayer, state, 0);			
call    0 never executed
        -: 1180:
    #####: 1181:      return 0;
        -: 1182:
        -: 1183:		
    #####: 1184:    case embargo: 
        -: 1185:      //+2 Coins
    #####: 1186:      state->coins = state->coins + 2;
        -: 1187:			
        -: 1188:      //see if selected pile is in play
    #####: 1189:      if ( state->supplyCount[choice1] == -1 )
branch  0 never executed
branch  1 never executed
        -: 1190:	{
    #####: 1191:	  return -1;
        -: 1192:	}
        -: 1193:			
        -: 1194:      //add embargo token to selected supply pile
    #####: 1195:      state->embargoTokens[choice1]++;
        -: 1196:			
        -: 1197:      //trash card
    #####: 1198:      discardCard(handPos, currentPlayer, state, 1);		
call    0 never executed
    #####: 1199:      return 0;
        -: 1200:		
    #####: 1201:    case outpost:
        -: 1202:      //set outpost flag
    #####: 1203:      state->outpostPlayed++;
        -: 1204:			
        -: 1205:      //discard card
    #####: 1206:      discardCard(handPos, currentPlayer, state, 0);
call    0 never executed
    #####: 1207:      return 0;
        -: 1208:		
    #####: 1209:    case salvager:
        -: 1210:      //+1 buy
    #####: 1211:      state->numBuys++;
        -: 1212:			
    #####: 1213:      if (choice1)
branch  0 never executed
branch  1 never executed
        -: 1214:	{
        -: 1215:	  //gain coins equal to trashed card
    #####: 1216:	  state->coins = state->coins + getCost( handCard(choice1, state) );
call    0 never executed
call    1 never executed
        -: 1217:	  //trash card
    #####: 1218:	  discardCard(choice1, currentPlayer, state, 1);	
call    0 never executed
        -: 1219:	}
        -: 1220:			
        -: 1221:      //discard card
    #####: 1222:      discardCard(handPos, currentPlayer, state, 0);
call    0 never executed
    #####: 1223:      return 0;
        -: 1224:		
    #####: 1225:    case sea_hag:
    #####: 1226:      for (i = 0; i < state->numPlayers; i++){
branch  0 never executed
branch  1 never executed
    #####: 1227:	if (i != currentPlayer){
branch  0 never executed
branch  1 never executed
    #####: 1228:	  state->discard[i][state->discardCount[i]] = state->deck[i][state->deckCount[i]--];			    state->deckCount[i]--;
    #####: 1229:	  state->discardCount[i]++;
    #####: 1230:	  state->deck[i][state->deckCount[i]--] = curse;//Top card now a curse
        -: 1231:	}
        -: 1232:      }
    #####: 1233:      return 0;
        -: 1234:		
    #####: 1235:    case treasure_map:
        -: 1236:      //search hand for another treasure_map
    #####: 1237:      index = -1;
    #####: 1238:      for (i = 0; i < state->handCount[currentPlayer]; i++)
branch  0 never executed
branch  1 never executed
        -: 1239:	{
    #####: 1240:	  if (state->hand[currentPlayer][i] == treasure_map && i != handPos)
branch  0 never executed
branch  1 never executed
branch  2 never executed
branch  3 never executed
        -: 1241:	    {
    #####: 1242:	      index = i;
    #####: 1243:	      break;
        -: 1244:	    }
        -: 1245:	}
    #####: 1246:      if (index > -1)
branch  0 never executed
branch  1 never executed
        -: 1247:	{
        -: 1248:	  //trash both treasure cards
    #####: 1249:	  discardCard(handPos, currentPlayer, state, 1);
call    0 never executed
    #####: 1250:	  discardCard(index, currentPlayer, state, 1);
call    0 never executed
        -: 1251:
        -: 1252:	  //gain 4 Gold cards
    #####: 1253:	  for (i = 0; i < 4; i++)
branch  0 never executed
branch  1 never executed
        -: 1254:	    {
    #####: 1255:	      gainCard(gold, state, 1, currentPlayer);
call    0 never executed
        -: 1256:	    }
        -: 1257:				
        -: 1258:	  //return success
    #####: 1259:	  return 1;
        -: 1260:	}
        -: 1261:			
        -: 1262:      //no second treasure_map found in hand
    #####: 1263:      return -1;
        -: 1264:    }
        -: 1265:	
    #####: 1266:  return -1;
        -: 1267:}
        -: 1268:
function discardCard called 9 returned 100% blocks executed 78%
        9: 1269:int discardCard(int handPos, int currentPlayer, struct gameState *state, int trashFlag)
        -: 1270:{
        -: 1271:	
        -: 1272:  //if card is not trashed, added to Played pile 
        9: 1273:  if (trashFlag < 1)
branch  0 taken 78% (fallthrough)
branch  1 taken 22%
        -: 1274:    {
        -: 1275:      //add card to played pile
        7: 1276:      state->playedCards[state->playedCardCount] = state->hand[currentPlayer][handPos]; 
        7: 1277:      state->playedCardCount++;
        -: 1278:    }
        -: 1279:	
        -: 1280:  //set played card to -1
        9: 1281:  state->hand[currentPlayer][handPos] = -1;
        -: 1282:	
        -: 1283:  //remove card from player's hand
        9: 1284:  if ( handPos == (state->handCount[currentPlayer] - 1) ) 	//last card in hand array is played
branch  0 taken 0% (fallthrough)
branch  1 taken 100%
        -: 1285:    {
        -: 1286:      //reduce number of cards in hand
    #####: 1287:      state->handCount[currentPlayer]--;
        -: 1288:    }
        9: 1289:  else if ( state->handCount[currentPlayer] == 1 ) //only one card in hand
branch  0 taken 0% (fallthrough)
branch  1 taken 100%
        -: 1290:    {
        -: 1291:      //reduce number of cards in hand
    #####: 1292:      state->handCount[currentPlayer]--;
        -: 1293:    }
        -: 1294:  else 	
        -: 1295:    {
        -: 1296:      //replace discarded card with last card in hand
        9: 1297:      state->hand[currentPlayer][handPos] = state->hand[currentPlayer][ (state->handCount[currentPlayer] - 1)];
        -: 1298:      //set last card to -1
        9: 1299:      state->hand[currentPlayer][state->handCount[currentPlayer] - 1] = -1;
        -: 1300:      //reduce number of cards in hand
        9: 1301:      state->handCount[currentPlayer]--;
        -: 1302:    }
        -: 1303:	
        9: 1304:  return 0;
        -: 1305:}
        -: 1306:
function gainCard called 15 returned 100% blocks executed 100%
       15: 1307:int gainCard(int supplyPos, struct gameState *state, int toFlag, int player)
        -: 1308:{
        -: 1309:  //Note: supplyPos is enum of choosen card
        -: 1310:	
        -: 1311:  //check if supply pile is empty (0) or card is not used in game (-1)
       15: 1312:  if ( supplyCount(supplyPos, state) < 1 )
call    0 returned 100%
branch  1 taken 7% (fallthrough)
branch  2 taken 93%
        -: 1313:    {
        1: 1314:      return -1;
        -: 1315:    }
        -: 1316:	
        -: 1317:  //added card for [whoseTurn] current player:
        -: 1318:  // toFlag = 0 : add to discard
        -: 1319:  // toFlag = 1 : add to deck
        -: 1320:  // toFlag = 2 : add to hand
        -: 1321:
       14: 1322:  if (toFlag == 1)
branch  0 taken 79% (fallthrough)
branch  1 taken 21%
        -: 1323:    {
       11: 1324:      state->deck[ player ][ state->deckCount[player] ] = supplyPos;
       11: 1325:      state->deckCount[player]++;
        -: 1326:    }
        3: 1327:  else if (toFlag == 2)
branch  0 taken 33% (fallthrough)
branch  1 taken 67%
        -: 1328:    {
        1: 1329:      state->hand[ player ][ state->handCount[player] ] = supplyPos;
        1: 1330:      state->handCount[player]++;
        -: 1331:    }
        -: 1332:  else
        -: 1333:    {
        2: 1334:      state->discard[player][ state->discardCount[player] ] = supplyPos;
        2: 1335:      state->discardCount[player]++;
        -: 1336:    }
        -: 1337:	
        -: 1338:  //decrease number in supply pile
       14: 1339:  state->supplyCount[supplyPos]--;
        -: 1340:	 
       14: 1341:  return 0;
        -: 1342:}
        -: 1343:
function updateCoins called 32 returned 100% blocks executed 100%
       32: 1344:int updateCoins(int player, struct gameState *state, int bonus)
        -: 1345:{
        -: 1346:  int i;
        -: 1347:	
        -: 1348:  //reset coin count
       32: 1349:  state->coins = 0;
        -: 1350:
        -: 1351:  //add coins for each Treasure card in player's hand
      182: 1352:  for (i = 0; i < state->handCount[player]; i++)
branch  0 taken 82%
branch  1 taken 18% (fallthrough)
        -: 1353:    {
      150: 1354:      if (state->hand[player][i] == copper)
branch  0 taken 74% (fallthrough)
branch  1 taken 26%
        -: 1355:	{
      111: 1356:	  state->coins += 1;
        -: 1357:	}
       39: 1358:      else if (state->hand[player][i] == silver)
branch  0 taken 3% (fallthrough)
branch  1 taken 97%
        -: 1359:	{
        1: 1360:	  state->coins += 2;
        -: 1361:	}
       38: 1362:      else if (state->hand[player][i] == gold)
branch  0 taken 5% (fallthrough)
branch  1 taken 95%
        -: 1363:	{
        2: 1364:	  state->coins += 3;
        -: 1365:	}	
        -: 1366:    }	
        -: 1367:
        -: 1368:  //add bonus
       32: 1369:  state->coins += bonus;
        -: 1370:
       32: 1371:  return 0;
        -: 1372:}
        -: 1373:
        -: 1374:
        -: 1375://end of dominion.c
        -: 1376:
