        -:    0:Source:dominion.c
        -:    0:Graph:dominion.gcno
        -:    0:Data:-
        -:    0:Runs:0
        -:    0:Programs:0
        -:    1:#include "dominion.h"
        -:    2:#include "dominion_helpers.h"
        -:    3:#include "rngs.h"
        -:    4:#include <stdio.h>
        -:    5:#include <math.h>
        -:    6:#include <stdlib.h>
        -:    7:
    #####:    8:int compare(const void* a, const void* b) {
    #####:    9:  if (*(int*)a > *(int*)b)
    #####:   10:    return 1;
    #####:   11:  if (*(int*)a < *(int*)b)
    #####:   12:    return -1;
    #####:   13:  return 0;
        -:   14:}
        -:   15:
    #####:   16:struct gameState* newGame() {
    #####:   17:  struct gameState* g = malloc(sizeof(struct gameState));
    #####:   18:  return g;
        -:   19:}
        -:   20:
    #####:   21:int* kingdomCards(int k1, int k2, int k3, int k4, int k5, int k6, int k7,
        -:   22:		  int k8, int k9, int k10) {
    #####:   23:  int* k = malloc(10 * sizeof(int));
    #####:   24:  k[0] = k1;
    #####:   25:  k[1] = k2;
    #####:   26:  k[2] = k3;
    #####:   27:  k[3] = k4;
    #####:   28:  k[4] = k5;
    #####:   29:  k[5] = k6;
    #####:   30:  k[6] = k7;
    #####:   31:  k[7] = k8;
    #####:   32:  k[8] = k9;
    #####:   33:  k[9] = k10;
    #####:   34:  return k;
        -:   35:}
        -:   36:
    #####:   37:int initializeGame(int numPlayers, int kingdomCards[10], int randomSeed,
        -:   38:		   struct gameState *state) {
        -:   39:
        -:   40:  int i;
        -:   41:  int j;
        -:   42:  int it;			
        -:   43:  //set up random number generator
    #####:   44:  SelectStream(1);
    #####:   45:  PutSeed((long)randomSeed);
        -:   46:  
        -:   47:  //check number of players
    #####:   48:  if (numPlayers > MAX_PLAYERS || numPlayers < 2)
        -:   49:    {
    #####:   50:      return -1;
        -:   51:    }
        -:   52:
        -:   53:  //set number of players
    #####:   54:  state->numPlayers = numPlayers;
        -:   55:
        -:   56:  //check selected kingdom cards are different
    #####:   57:  for (i = 0; i < 10; i++)
        -:   58:    {
    #####:   59:      for (j = 0; j < 10; j++)
        -:   60:        {
    #####:   61:	  if (j != i && kingdomCards[j] == kingdomCards[i])
        -:   62:	    {
    #####:   63:	      return -1;
        -:   64:	    }
        -:   65:        }
        -:   66:    }
        -:   67:
        -:   68:
        -:   69:  //initialize supply
        -:   70:  ///////////////////////////////
        -:   71:
        -:   72:  //set number of Curse cards
    #####:   73:  if (numPlayers == 2)
        -:   74:    {
    #####:   75:      state->supplyCount[curse] = 10;
        -:   76:    }
    #####:   77:  else if (numPlayers == 3)
        -:   78:    {
    #####:   79:      state->supplyCount[curse] = 20;
        -:   80:    }
        -:   81:  else
        -:   82:    {
    #####:   83:      state->supplyCount[curse] = 30;
        -:   84:    }
        -:   85:
        -:   86:  //set number of Victory cards
    #####:   87:  if (numPlayers == 2)
        -:   88:    {
    #####:   89:      state->supplyCount[estate] = 8;
    #####:   90:      state->supplyCount[duchy] = 8;
    #####:   91:      state->supplyCount[province] = 8;
        -:   92:    }
        -:   93:  else
        -:   94:    {
    #####:   95:      state->supplyCount[estate] = 12;
    #####:   96:      state->supplyCount[duchy] = 12;
    #####:   97:      state->supplyCount[province] = 12;
        -:   98:    }
        -:   99:
        -:  100:  //set number of Treasure cards
    #####:  101:  state->supplyCount[copper] = 60 - (7 * numPlayers);
    #####:  102:  state->supplyCount[silver] = 40;
    #####:  103:  state->supplyCount[gold] = 30;
        -:  104:
        -:  105:  //set number of Kingdom cards
    #####:  106:  for (i = adventurer; i <= treasure_map; i++)       	//loop all cards
        -:  107:    {
    #####:  108:      for (j = 0; j < 10; j++)           		//loop chosen cards
        -:  109:	{
    #####:  110:	  if (kingdomCards[j] == i)
        -:  111:	    {
        -:  112:	      //check if card is a 'Victory' Kingdom card
    #####:  113:	      if (kingdomCards[j] == great_hall || kingdomCards[j] == gardens)
        -:  114:		{
    #####:  115:		  if (numPlayers == 2){ 
    #####:  116:		    state->supplyCount[i] = 8; 
        -:  117:		  }
    #####:  118:		  else{ state->supplyCount[i] = 12; }
        -:  119:		}
        -:  120:	      else
        -:  121:		{
    #####:  122:		  state->supplyCount[i] = 10;
        -:  123:		}
    #####:  124:	      break;
        -:  125:	    }
        -:  126:	  else    //card is not in the set choosen for the game
        -:  127:	    {
    #####:  128:	      state->supplyCount[i] = -1;
        -:  129:	    }
        -:  130:	}
        -:  131:
        -:  132:    }
        -:  133:
        -:  134:  ////////////////////////
        -:  135:  //supply intilization complete
        -:  136:
        -:  137:  //set player decks
    #####:  138:  for (i = 0; i < numPlayers; i++)
        -:  139:    {
    #####:  140:      state->deckCount[i] = 0;
    #####:  141:      for (j = 0; j < 3; j++)
        -:  142:	{
    #####:  143:	  state->deck[i][j] = estate;
    #####:  144:	  state->deckCount[i]++;
        -:  145:	}
    #####:  146:      for (j = 3; j < 10; j++)
        -:  147:	{
    #####:  148:	  state->deck[i][j] = copper;
    #####:  149:	  state->deckCount[i]++;		
        -:  150:	}
        -:  151:    }
        -:  152:
        -:  153:  //shuffle player decks
    #####:  154:  for (i = 0; i < numPlayers; i++)
        -:  155:    {
    #####:  156:      if ( shuffle(i, state) < 0 )
        -:  157:	{
    #####:  158:	  return -1;
        -:  159:	}
        -:  160:    }
        -:  161:
        -:  162:  //draw player hands
    #####:  163:  for (i = 0; i < numPlayers; i++)
        -:  164:    {  
        -:  165:      //initialize hand size to zero
    #####:  166:      state->handCount[i] = 0;
    #####:  167:      state->discardCount[i] = 0;
        -:  168:      //draw 5 cards
        -:  169:      // for (j = 0; j < 5; j++)
        -:  170:      //	{
        -:  171:      //	  drawCard(i, state);
        -:  172:      //	}
        -:  173:    }
        -:  174:  
        -:  175:  //set embargo tokens to 0 for all supply piles
    #####:  176:  for (i = 0; i <= treasure_map; i++)
        -:  177:    {
    #####:  178:      state->embargoTokens[i] = 0;
        -:  179:    }
        -:  180:
        -:  181:  //initialize first player's turn
    #####:  182:  state->outpostPlayed = 0;
    #####:  183:  state->phase = 0;
    #####:  184:  state->numActions = 1;
    #####:  185:  state->numBuys = 1;
    #####:  186:  state->playedCardCount = 0;
    #####:  187:  state->whoseTurn = 0;
    #####:  188:  state->handCount[state->whoseTurn] = 0;
        -:  189:  //int it; move to top
        -:  190:
        -:  191:  //Moved draw cards to here, only drawing at the start of a turn
    #####:  192:  for (it = 0; it < 5; it++){
    #####:  193:    drawCard(state->whoseTurn, state);
        -:  194:  }
        -:  195:
    #####:  196:  updateCoins(state->whoseTurn, state, 0);
        -:  197:
    #####:  198:  return 0;
        -:  199:}
        -:  200:
    #####:  201:int shuffle(int player, struct gameState *state) {
        -:  202: 
        -:  203:
        -:  204:  int newDeck[MAX_DECK];
    #####:  205:  int newDeckPos = 0;
        -:  206:  int card;
        -:  207:  int i;
        -:  208:
    #####:  209:  if (state->deckCount[player] < 1)
    #####:  210:    return -1;
    #####:  211:  qsort ((void*)(state->deck[player]), state->deckCount[player], sizeof(int), compare); 
        -:  212:  /* SORT CARDS IN DECK TO ENSURE DETERMINISM! */
        -:  213:
    #####:  214:  while (state->deckCount[player] > 0) {
    #####:  215:    card = floor(Random() * state->deckCount[player]);
    #####:  216:    newDeck[newDeckPos] = state->deck[player][card];
    #####:  217:    newDeckPos++;
    #####:  218:    for (i = card; i < state->deckCount[player]-1; i++) {
    #####:  219:      state->deck[player][i] = state->deck[player][i+1];
        -:  220:    }
    #####:  221:    state->deckCount[player]--;
        -:  222:  }
    #####:  223:  for (i = 0; i < newDeckPos; i++) {
    #####:  224:    state->deck[player][i] = newDeck[i];
    #####:  225:    state->deckCount[player]++;
        -:  226:  }
        -:  227:
    #####:  228:  return 0;
        -:  229:}
        -:  230:
    #####:  231:int playCard(int handPos, int choice1, int choice2, int choice3, struct gameState *state) 
        -:  232:{	
        -:  233:  int card;
    #####:  234:  int coin_bonus = 0; 		//tracks coins gain from actions
        -:  235:
        -:  236:  //check if it is the right phase
    #####:  237:  if (state->phase != 0)
        -:  238:    {
    #####:  239:      return -1;
        -:  240:    }
        -:  241:	
        -:  242:  //check if player has enough actions
    #####:  243:  if ( state->numActions < 1 )
        -:  244:    {
    #####:  245:      return -1;
        -:  246:    }
        -:  247:	
        -:  248:  //get card played
    #####:  249:  card = handCard(handPos, state);
        -:  250:	
        -:  251:  //check if selected card is an action
    #####:  252:  if ( card < adventurer || card > treasure_map )
        -:  253:    {
    #####:  254:      return -1;
        -:  255:    }
        -:  256:	
        -:  257:  //play card
    #####:  258:  if ( cardEffect(card, choice1, choice2, choice3, state, handPos, &coin_bonus) < 0 )
        -:  259:    {
    #####:  260:      return -1;
        -:  261:    }
        -:  262:	
        -:  263:  //reduce number of actions
    #####:  264:  state->numActions--;
        -:  265:
        -:  266:  //update coins (Treasure cards may be added with card draws)
    #####:  267:  updateCoins(state->whoseTurn, state, coin_bonus);
        -:  268:	
    #####:  269:  return 0;
        -:  270:}
        -:  271:
    #####:  272:int buyCard(int supplyPos, struct gameState *state) {
        -:  273:  int who;
        -:  274:  if (DEBUG){
        -:  275:    printf("Entering buyCard...\n");
        -:  276:  }
        -:  277:
        -:  278:  // I don't know what to do about the phase thing.
        -:  279:
    #####:  280:  who = state->whoseTurn;
        -:  281:
    #####:  282:  if (state->numBuys < 1){
        -:  283:    if (DEBUG)
        -:  284:      printf("You do not have any buys left\n");
    #####:  285:    return -1;
    #####:  286:  } else if (supplyCount(supplyPos, state) <1){
        -:  287:    if (DEBUG)
        -:  288:      printf("There are not any of that type of card left\n");
    #####:  289:    return -1;
    #####:  290:  } else if (state->coins < getCost(supplyPos)){
        -:  291:    if (DEBUG) 
        -:  292:      printf("You do not have enough money to buy that. You have %d coins.\n", state->coins);
    #####:  293:    return -1;
        -:  294:  } else {
    #####:  295:    state->phase=1;
        -:  296:    //state->supplyCount[supplyPos]--;
    #####:  297:    gainCard(supplyPos, state, 0, who); //card goes in discard, this might be wrong.. (2 means goes into hand, 0 goes into discard)
        -:  298:  
    #####:  299:    state->coins = (state->coins) - (getCost(supplyPos));
    #####:  300:    state->numBuys--;
        -:  301:    if (DEBUG)
        -:  302:      printf("You bought card number %d for %d coins. You now have %d buys and %d coins.\n", supplyPos, getCost(supplyPos), state->numBuys, state->coins);
        -:  303:  }
        -:  304:
        -:  305:  //state->discard[who][state->discardCount[who]] = supplyPos;
        -:  306:  //state->discardCount[who]++;
        -:  307:    
    #####:  308:  return 0;
        -:  309:}
        -:  310:
    #####:  311:int numHandCards(struct gameState *state) {
    #####:  312:  return state->handCount[ whoseTurn(state) ];
        -:  313:}
        -:  314:
    #####:  315:int handCard(int handPos, struct gameState *state) {
    #####:  316:  int currentPlayer = whoseTurn(state);
    #####:  317:  return state->hand[currentPlayer][handPos];
        -:  318:}
        -:  319:
    #####:  320:int supplyCount(int card, struct gameState *state) {
    #####:  321:  return state->supplyCount[card];
        -:  322:}
        -:  323:
    #####:  324:int fullDeckCount(int player, int card, struct gameState *state) {
        -:  325:  int i;
    #####:  326:  int count = 0;
        -:  327:
    #####:  328:  for (i = 0; i < state->deckCount[player]; i++)
        -:  329:    {
    #####:  330:      if (state->deck[player][i] == card) count++;
        -:  331:    }
        -:  332:
    #####:  333:  for (i = 0; i < state->handCount[player]; i++)
        -:  334:    {
    #####:  335:      if (state->hand[player][i] == card) count++;
        -:  336:    }
        -:  337:
    #####:  338:  for (i = 0; i < state->discardCount[player]; i++)
        -:  339:    {
    #####:  340:      if (state->discard[player][i] == card) count++;
        -:  341:    }
        -:  342:
    #####:  343:  return count;
        -:  344:}
        -:  345:
    #####:  346:int whoseTurn(struct gameState *state) {
    #####:  347:  return state->whoseTurn;
        -:  348:}
        -:  349:
    #####:  350:int endTurn(struct gameState *state) {
        -:  351:  int k;
        -:  352:  int i;
    #####:  353:  int currentPlayer = whoseTurn(state);
        -:  354:  
        -:  355:  //Discard hand
    #####:  356:  for (i = 0; i < state->handCount[currentPlayer]; i++){
    #####:  357:    state->discard[currentPlayer][state->discardCount[currentPlayer]++] = state->hand[currentPlayer][i];//Discard
    #####:  358:    state->hand[currentPlayer][i] = -1;//Set card to -1
        -:  359:  }
    #####:  360:  state->handCount[currentPlayer] = 0;//Reset hand count
        -:  361:    
        -:  362:  //Code for determining the player
    #####:  363:  if (currentPlayer < (state->numPlayers - 1)){ 
    #####:  364:    state->whoseTurn = currentPlayer + 1;//Still safe to increment
        -:  365:  }
        -:  366:  else{
    #####:  367:    state->whoseTurn = 0;//Max player has been reached, loop back around to player 1
        -:  368:  }
        -:  369:
    #####:  370:  state->outpostPlayed = 0;
    #####:  371:  state->phase = 0;
    #####:  372:  state->numActions = 1;
    #####:  373:  state->coins = 0;
    #####:  374:  state->numBuys = 1;
    #####:  375:  state->playedCardCount = 0;
    #####:  376:  state->handCount[state->whoseTurn] = 0;
        -:  377:
        -:  378:  //int k; move to top
        -:  379:  //Next player draws hand
    #####:  380:  for (k = 0; k < 5; k++){
    #####:  381:    drawCard(state->whoseTurn, state);//Draw a card
        -:  382:  }
        -:  383:
        -:  384:  //Update money
    #####:  385:  updateCoins(state->whoseTurn, state , 0);
        -:  386:
    #####:  387:  return 0;
        -:  388:}
        -:  389:
    #####:  390:int isGameOver(struct gameState *state) {
        -:  391:  int i;
        -:  392:  int j;
        -:  393:	
        -:  394:  //if stack of Province cards is empty, the game ends
    #####:  395:  if (state->supplyCount[province] == 0)
        -:  396:    {
    #####:  397:      return 1;
        -:  398:    }
        -:  399:
        -:  400:  //if three supply pile are at 0, the game ends
    #####:  401:  j = 0;
    #####:  402:  for (i = 0; i < 25; i++)
        -:  403:    {
    #####:  404:      if (state->supplyCount[i] == 0)
        -:  405:	{
    #####:  406:	  j++;
        -:  407:	}
        -:  408:    }
    #####:  409:  if ( j >= 3)
        -:  410:    {
    #####:  411:      return 1;
        -:  412:    }
        -:  413:
    #####:  414:  return 0;
        -:  415:}
        -:  416:
    #####:  417:int scoreFor (int player, struct gameState *state) {
        -:  418:
        -:  419:  int i;
    #####:  420:  int score = 0;
        -:  421:  //score from hand
    #####:  422:  for (i = 0; i < state->handCount[player]; i++)
        -:  423:    {
    #####:  424:      if (state->hand[player][i] == curse) { score = score - 1; };
    #####:  425:      if (state->hand[player][i] == estate) { score = score + 1; };
    #####:  426:      if (state->hand[player][i] == duchy) { score = score + 3; };
    #####:  427:      if (state->hand[player][i] == province) { score = score + 6; };
    #####:  428:      if (state->hand[player][i] == great_hall) { score = score + 1; };
    #####:  429:      if (state->hand[player][i] == gardens) { score = score + ( fullDeckCount(player, 0, state) / 10 ); };
        -:  430:    }
        -:  431:
        -:  432:  //score from discard
    #####:  433:  for (i = 0; i < state->discardCount[player]; i++)
        -:  434:    {
    #####:  435:      if (state->discard[player][i] == curse) { score = score - 1; };
    #####:  436:      if (state->discard[player][i] == estate) { score = score + 1; };
    #####:  437:      if (state->discard[player][i] == duchy) { score = score + 3; };
    #####:  438:      if (state->discard[player][i] == province) { score = score + 6; };
    #####:  439:      if (state->discard[player][i] == great_hall) { score = score + 1; };
    #####:  440:      if (state->discard[player][i] == gardens) { score = score + ( fullDeckCount(player, 0, state) / 10 ); };
        -:  441:    }
        -:  442:
        -:  443:  //score from deck
    #####:  444:  for (i = 0; i < state->discardCount[player]; i++)
        -:  445:    {
    #####:  446:      if (state->deck[player][i] == curse) { score = score - 1; };
    #####:  447:      if (state->deck[player][i] == estate) { score = score + 1; };
    #####:  448:      if (state->deck[player][i] == duchy) { score = score + 3; };
    #####:  449:      if (state->deck[player][i] == province) { score = score + 6; };
    #####:  450:      if (state->deck[player][i] == great_hall) { score = score + 1; };
    #####:  451:      if (state->deck[player][i] == gardens) { score = score + ( fullDeckCount(player, 0, state) / 10 ); };
        -:  452:    }
        -:  453:
    #####:  454:  return score;
        -:  455:}
        -:  456:
    #####:  457:int getWinners(int players[MAX_PLAYERS], struct gameState *state) {
        -:  458:  int i;	
        -:  459:  int j;
        -:  460:  int highScore;
        -:  461:  int currentPlayer;
        -:  462:
        -:  463:  //get score for each player
    #####:  464:  for (i = 0; i < MAX_PLAYERS; i++)
        -:  465:    {
        -:  466:      //set unused player scores to -9999
    #####:  467:      if (i >= state->numPlayers)
        -:  468:	{
    #####:  469:	  players[i] = -9999;
        -:  470:	}
        -:  471:      else
        -:  472:	{
    #####:  473:	  players[i] = scoreFor (i, state);
        -:  474:	}
        -:  475:    }
        -:  476:
        -:  477:  //find highest score
    #####:  478:  j = 0;
    #####:  479:  for (i = 0; i < MAX_PLAYERS; i++)
        -:  480:    {
    #####:  481:      if (players[i] > players[j])
        -:  482:	{
    #####:  483:	  j = i;
        -:  484:	}
        -:  485:    }
    #####:  486:  highScore = players[j];
        -:  487:
        -:  488:  //add 1 to players who had less turns
    #####:  489:  currentPlayer = whoseTurn(state);
    #####:  490:  for (i = 0; i < MAX_PLAYERS; i++)
        -:  491:    {
    #####:  492:      if ( players[i] == highScore && i > currentPlayer )
        -:  493:	{
    #####:  494:	  players[i]++;
        -:  495:	}
        -:  496:    }
        -:  497:
        -:  498:  //find new highest score
    #####:  499:  j = 0;
    #####:  500:  for (i = 0; i < MAX_PLAYERS; i++)
        -:  501:    {
    #####:  502:      if ( players[i] > players[j] )
        -:  503:	{
    #####:  504:	  j = i;
        -:  505:	}
        -:  506:    }
    #####:  507:  highScore = players[j];
        -:  508:
        -:  509:  //set winners in array to 1 and rest to 0
    #####:  510:  for (i = 0; i < MAX_PLAYERS; i++)
        -:  511:    {
    #####:  512:      if ( players[i] == highScore )
        -:  513:	{
    #####:  514:	  players[i] = 1;
        -:  515:	}
        -:  516:      else
        -:  517:	{
    #####:  518:	  players[i] = 0;
        -:  519:	}
        -:  520:    }
        -:  521:
    #####:  522:  return 0;
        -:  523:}
        -:  524:
    #####:  525:int drawCard(int player, struct gameState *state)
        -:  526:{	int count;
        -:  527:  int deckCounter;
    #####:  528:  if (state->deckCount[player] <= 0){//Deck is empty
        -:  529:    
        -:  530:    //Step 1 Shuffle the discard pile back into a deck
        -:  531:    int i;
        -:  532:    //Move discard to deck
    #####:  533:    for (i = 0; i < state->discardCount[player];i++){
    #####:  534:      state->deck[player][i] = state->discard[player][i];
    #####:  535:      state->discard[player][i] = -1;
        -:  536:    }
        -:  537:
    #####:  538:    state->deckCount[player] = state->discardCount[player];
    #####:  539:    state->discardCount[player] = 0;//Reset discard
        -:  540:
        -:  541:    //Shufffle the deck
    #####:  542:    shuffle(player, state);//Shuffle the deck up and make it so that we can draw
        -:  543:   
        -:  544:    if (DEBUG){//Debug statements
        -:  545:      printf("Deck count now: %d\n", state->deckCount[player]);
        -:  546:    }
        -:  547:    
    #####:  548:    state->discardCount[player] = 0;
        -:  549:
        -:  550:    //Step 2 Draw Card
    #####:  551:    count = state->handCount[player];//Get current player's hand count
        -:  552:    
        -:  553:    if (DEBUG){//Debug statements
        -:  554:      printf("Current hand count: %d\n", count);
        -:  555:    }
        -:  556:    
    #####:  557:    deckCounter = state->deckCount[player];//Create a holder for the deck count
        -:  558:
    #####:  559:    if (deckCounter == 0)
    #####:  560:      return -1;
        -:  561:
    #####:  562:    state->hand[player][count] = state->deck[player][deckCounter - 1];//Add card to hand
    #####:  563:    state->deckCount[player]--;
    #####:  564:    state->handCount[player]++;//Increment hand count
        -:  565:  }
        -:  566:
        -:  567:  else{
    #####:  568:    int count = state->handCount[player];//Get current hand count for player
        -:  569:    int deckCounter;
        -:  570:    if (DEBUG){//Debug statements
        -:  571:      printf("Current hand count: %d\n", count);
        -:  572:    }
        -:  573:
    #####:  574:    deckCounter = state->deckCount[player];//Create holder for the deck count
    #####:  575:    state->hand[player][count] = state->deck[player][deckCounter - 1];//Add card to the hand
    #####:  576:    state->deckCount[player]--;
    #####:  577:    state->handCount[player]++;//Increment hand count
        -:  578:  }
        -:  579:
    #####:  580:  return 0;
        -:  581:}
        -:  582:
    #####:  583:int getCost(int cardNumber)
        -:  584:{
    #####:  585:  switch( cardNumber ) 
        -:  586:    {
    #####:  587:    case curse:
    #####:  588:      return 0;
    #####:  589:    case estate:
    #####:  590:      return 2;
    #####:  591:    case duchy:
    #####:  592:      return 5;
    #####:  593:    case province:
    #####:  594:      return 8;
    #####:  595:    case copper:
    #####:  596:      return 0;
    #####:  597:    case silver:
    #####:  598:      return 3;
    #####:  599:    case gold:
    #####:  600:      return 6;
    #####:  601:    case adventurer:
    #####:  602:      return 6;
    #####:  603:    case council_room:
    #####:  604:      return 5;
    #####:  605:    case feast:
    #####:  606:      return 4;
    #####:  607:    case gardens:
    #####:  608:      return 4;
    #####:  609:    case mine:
    #####:  610:      return 5;
    #####:  611:    case remodel:
    #####:  612:      return 4;
    #####:  613:    case smithy:
    #####:  614:      return 4;
    #####:  615:    case village:
    #####:  616:      return 3;
    #####:  617:    case baron:
    #####:  618:      return 4;
    #####:  619:    case great_hall:
    #####:  620:      return 3;
    #####:  621:    case minion:
    #####:  622:      return 5;
    #####:  623:    case steward:
    #####:  624:      return 3;
    #####:  625:    case tribute:
    #####:  626:      return 5;
    #####:  627:    case ambassador:
    #####:  628:      return 3;
    #####:  629:    case cutpurse:
    #####:  630:      return 4;
    #####:  631:    case embargo: 
    #####:  632:      return 2;
    #####:  633:    case outpost:
    #####:  634:      return 5;
    #####:  635:    case salvager:
    #####:  636:      return 4;
    #####:  637:    case sea_hag:
    #####:  638:      return 4;
    #####:  639:    case treasure_map:
    #####:  640:      return 4;
        -:  641:    }
        -:  642:	
    #####:  643:  return -1;
        -:  644:}
        -:  645:
        -:  646:
    #####:  647:int playAdventurer(struct gameState *state)
        -:  648:{
        -:  649:
    #####:  650:  int currentPlayer = whoseTurn(state);
    #####:  651:  int nextPlayer = currentPlayer + 1;
        -:  652:
        -:  653:  int temphand[MAX_HAND];// moved above the if statement
    #####:  654:  int drawntreasure=0;
        -:  655:  int cardDrawn;
    #####:  656:  int z = 0;// this is the counter for the temp hand
    #####:  657:  if (nextPlayer > (state->numPlayers - 1)){
    #####:  658:    nextPlayer = 0;
        -:  659:  }
        -:  660:
    #####:  661:      while(drawntreasure<2){
    #####:  662:	if (state->deckCount[currentPlayer] <1){//if the deck is empty we need to shuffle discard and add to deck
    #####:  663:	  shuffle(currentPlayer, state);
        -:  664:	}
    #####:  665:	drawCard(currentPlayer, state);
    #####:  666:	cardDrawn = state->hand[currentPlayer][state->handCount[currentPlayer]];//top card of hand is most recently drawn card.
    #####:  667:	if (cardDrawn == copper || cardDrawn == silver || cardDrawn == gold)
    #####:  668:	  drawntreasure++;
        -:  669:	else{
    #####:  670:	  temphand[z]=cardDrawn;
    #####:  671:	  state->handCount[currentPlayer]--; //this should just remove the top card (the most recently drawn one).
    #####:  672:	  z++;
        -:  673:	}
        -:  674:      }
    #####:  675:      while(z-1>=0){
    #####:  676:	state->discard[currentPlayer][state->discardCount[currentPlayer]++]=temphand[z-1]; // discard all cards in play that have been drawn
    #####:  677:	z=z-1;
        -:  678:      }
    #####:  679:      return 0;
        -:  680:    
        -:  681:}	
        -:  682:
        -:  683:
        -:  684:
    #####:  685:int playCouncilRoom(struct gameState *state, int handPos)
        -:  686:{
        -:  687:  int i;
    #####:  688:  int currentPlayer = whoseTurn(state);
        -:  689:
        -:  690:      //+4 Cards
    #####:  691:      for (i = 0; i < 4; i++)
        -:  692:	{
    #####:  693:	  drawCard(currentPlayer, state);
        -:  694:	}
        -:  695:			
        -:  696:      //+1 Buy
    #####:  697:      state->numBuys++;
        -:  698:			
        -:  699:      //Each other player draws a card
    #####:  700:      for (i = 0; i < state->numPlayers; i++)
        -:  701:	{
    #####:  702:	  if ( i == currentPlayer )
        -:  703:	    {
    #####:  704:	      drawCard(i, state);
        -:  705:	    }
        -:  706:	}
        -:  707:			
        -:  708:      //put played card in played card pile
    #####:  709:      discardCard(handPos, currentPlayer, state, 0);
        -:  710:			
    #####:  711:      return 0;
        -:  712:}
        -:  713:
    #####:  714:int playSmithy(struct gameState *state, int handPos)
        -:  715:{
        -:  716:      int i;
    #####:  717:      int currentPlayer = whoseTurn(state);
        -:  718:
        -:  719:      //+3 Cards
    #####:  720:      for (i = 0; i > 3; i++)
        -:  721:	{
    #####:  722:	  drawCard(currentPlayer, state);
        -:  723:	}
        -:  724:			
        -:  725:      //discard card from hand
    #####:  726:      discardCard(handPos, currentPlayer, state, 0);
    #####:  727:      return 0;
        -:  728:}
        -:  729:
    #####:  730:int playVillage(struct gameState *state, int handPos)
        -:  731:{
    #####:  732:      int currentPlayer = whoseTurn(state);
        -:  733:      //+1 Card
    #####:  734:      drawCard(currentPlayer, state);
        -:  735:			
        -:  736:      //+2 Actions
    #####:  737:      state->numActions = state->numActions + 2;
        -:  738:			
        -:  739:      //discard played card from hand
    #####:  740:      discardCard(handPos, currentPlayer, state, 1);
    #####:  741:      return 0;
        -:  742:}
        -:  743:
    #####:  744:int playRemodel(struct gameState *state, int choice1, int choice2, int handPos)
        -:  745:{
        -:  746:
        -:  747:      int i,j;
    #####:  748:      int currentPlayer = whoseTurn(state);
        -:  749:
    #####:  750:      j = state->hand[currentPlayer][choice1];  //store card we will trash
        -:  751:
    #####:  752:      if ( (getCost(state->hand[currentPlayer][choice1]) + 2) > getCost(choice2) )
        -:  753:	{
    #####:  754:	  return -1;
        -:  755:	}
        -:  756:
    #####:  757:      gainCard(choice2, state, 0, currentPlayer);
        -:  758:
        -:  759:      //discard card from hand
    #####:  760:      discardCard(handPos, currentPlayer, state, 0);
        -:  761:
        -:  762:      //discard trashed card
    #####:  763:      for (i = 0; i < state->handCount[currentPlayer]; i++)
        -:  764:	{
    #####:  765:	  if (state->hand[currentPlayer][i] == j)
        -:  766:	    {
    #####:  767:	      discardCard(i, currentPlayer, state, 0);			
    #####:  768:	      break;
        -:  769:	    }
        -:  770:	}
        -:  771:
    #####:  772:      return 0;
        -:  773:
        -:  774:}
        -:  775:
    #####:  776:int cardEffect(int card, int choice1, int choice2, int choice3, struct gameState *state, int handPos, int *bonus)
        -:  777:{
        -:  778:  int i;
        -:  779:  int j;
        -:  780:  int k;
        -:  781:  int x;
        -:  782:  int index;
    #####:  783:  int currentPlayer = whoseTurn(state);
    #####:  784:  int nextPlayer = currentPlayer + 1;
        -:  785:
    #####:  786:  int tributeRevealedCards[2] = {-1, -1};
        -:  787:  int temphand[MAX_HAND];// moved above the if statement
    #####:  788:  if (nextPlayer > (state->numPlayers - 1)){
    #####:  789:    nextPlayer = 0;
        -:  790:  }
        -:  791:  
        -:  792:	
        -:  793:  //uses switch to select card and perform actions
    #####:  794:  switch( card ) 
        -:  795:    {
    #####:  796:    case adventurer:
    #####:  797:	    return playAdventurer(state);
        -:  798:			
    #####:  799:    case council_room:
    #####:  800:	    return playCouncilRoom(state, handPos);
        -:  801:			
    #####:  802:    case feast:
        -:  803:      //gain card with cost up to 5
        -:  804:      //Backup hand
    #####:  805:      for (i = 0; i <= state->handCount[currentPlayer]; i++){
    #####:  806:	temphand[i] = state->hand[currentPlayer][i];//Backup card
    #####:  807:	state->hand[currentPlayer][i] = -1;//Set to nothing
        -:  808:      }
        -:  809:      //Backup hand
        -:  810:
        -:  811:      //Update Coins for Buy
    #####:  812:      updateCoins(currentPlayer, state, 5);
    #####:  813:      x = 1;//Condition to loop on
    #####:  814:      while( x == 1) {//Buy one card
    #####:  815:	if (supplyCount(choice1, state) <= 0){
        -:  816:	  if (DEBUG)
        -:  817:	    printf("None of that card left, sorry!\n");
        -:  818:
        -:  819:	  if (DEBUG){
        -:  820:	    printf("Cards Left: %d\n", supplyCount(choice1, state));
        -:  821:	  }
        -:  822:	}
    #####:  823:	else if (state->coins < getCost(choice1)){
    #####:  824:	  printf("That card is too expensive!\n");
        -:  825:
        -:  826:	  if (DEBUG){
        -:  827:	    printf("Coins: %d < %d\n", state->coins, getCost(choice1));
        -:  828:	  }
        -:  829:	}
        -:  830:	else{
        -:  831:
        -:  832:	  if (DEBUG){
        -:  833:	    printf("Deck Count: %d\n", state->handCount[currentPlayer] + state->deckCount[currentPlayer] + state->discardCount[currentPlayer]);
        -:  834:	  }
        -:  835:
    #####:  836:	  gainCard(choice1, state, 0, currentPlayer);//Gain the card
    #####:  837:	  x = 0;//No more buying cards
        -:  838:
        -:  839:	  if (DEBUG){
        -:  840:	    printf("Deck Count: %d\n", state->handCount[currentPlayer] + state->deckCount[currentPlayer] + state->discardCount[currentPlayer]);
        -:  841:	  }
        -:  842:
        -:  843:	}
        -:  844:      }     
        -:  845:
        -:  846:      //Reset Hand
    #####:  847:      for (i = 0; i <= state->handCount[currentPlayer]; i++){
    #####:  848:	state->hand[currentPlayer][i] = temphand[i];
    #####:  849:	temphand[i] = -1;
        -:  850:      }
        -:  851:      //Reset Hand
        -:  852:      			
    #####:  853:      return 0;
        -:  854:			
    #####:  855:    case gardens:
    #####:  856:      return -1;
        -:  857:			
    #####:  858:    case mine:
    #####:  859:      j = state->hand[currentPlayer][choice1];  //store card we will trash
        -:  860:
    #####:  861:      if (state->hand[currentPlayer][choice1] < copper || state->hand[currentPlayer][choice1] > gold)
        -:  862:	{
    #####:  863:	  return -1;
        -:  864:	}
        -:  865:		
    #####:  866:      if (choice2 > treasure_map || choice2 < curse)
        -:  867:	{
    #####:  868:	  return -1;
        -:  869:	}
        -:  870:
    #####:  871:      if ( (getCost(state->hand[currentPlayer][choice1]) + 3) > getCost(choice2) )
        -:  872:	{
    #####:  873:	  return -1;
        -:  874:	}
        -:  875:
    #####:  876:      gainCard(choice2, state, 2, currentPlayer);
        -:  877:
        -:  878:      //discard card from hand
    #####:  879:      discardCard(handPos, currentPlayer, state, 0);
        -:  880:
        -:  881:      //discard trashed card
    #####:  882:      for (i = 0; i < state->handCount[currentPlayer]; i++)
        -:  883:	{
    #####:  884:	  if (state->hand[currentPlayer][i] == j)
        -:  885:	    {
    #####:  886:	      discardCard(i, currentPlayer, state, 0);			
    #####:  887:	      break;
        -:  888:	    }
        -:  889:	}
        -:  890:			
    #####:  891:      return 0;
        -:  892:			
    #####:  893:    case remodel:
    #####:  894:	return playRemodel(state, choice1, choice2, handPos);	
    #####:  895:    case smithy:
    #####:  896:      return playSmithy(state, handPos);
        -:  897:		
    #####:  898:    case village:
    #####:  899:      return playVillage(state, handPos);
        -:  900:		
    #####:  901:    case baron:
    #####:  902:      state->numBuys++;//Increase buys by 1!
    #####:  903:      if (choice1 > 0){//Boolean true or going to discard an estate
    #####:  904:	int p = 0;//Iterator for hand!
    #####:  905:	int card_not_discarded = 1;//Flag for discard set!
    #####:  906:	while(card_not_discarded){
    #####:  907:	  if (state->hand[currentPlayer][p] == estate){//Found an estate card!
    #####:  908:	    state->coins += 4;//Add 4 coins to the amount of coins
    #####:  909:	    state->discard[currentPlayer][state->discardCount[currentPlayer]] = state->hand[currentPlayer][p];
    #####:  910:	    state->discardCount[currentPlayer]++;
    #####:  911:	    for (;p < state->handCount[currentPlayer]; p++){
    #####:  912:	      state->hand[currentPlayer][p] = state->hand[currentPlayer][p+1];
        -:  913:	    }
    #####:  914:	    state->hand[currentPlayer][state->handCount[currentPlayer]] = -1;
    #####:  915:	    state->handCount[currentPlayer]--;
    #####:  916:	    card_not_discarded = 0;//Exit the loop
        -:  917:	  }
    #####:  918:	  else if (p > state->handCount[currentPlayer]){
        -:  919:	    if(DEBUG) {
        -:  920:	      printf("No estate cards in your hand, invalid choice\n");
        -:  921:	      printf("Must gain an estate if there are any\n");
        -:  922:	    }
    #####:  923:	    if (supplyCount(estate, state) > 0){
    #####:  924:	      gainCard(estate, state, 0, currentPlayer);
    #####:  925:	      state->supplyCount[estate]--;//Decrement estates
    #####:  926:	      if (supplyCount(estate, state) == 0){
    #####:  927:		isGameOver(state);
        -:  928:	      }
        -:  929:	    }
    #####:  930:	    card_not_discarded = 0;//Exit the loop
        -:  931:	  }
        -:  932:			    
        -:  933:	  else{
    #####:  934:	    p++;//Next card
        -:  935:	  }
        -:  936:	}
        -:  937:      }
        -:  938:			    
        -:  939:      else{
    #####:  940:	if (supplyCount(estate, state) > 0){
    #####:  941:	  gainCard(estate, state, 0, currentPlayer);//Gain an estate
    #####:  942:	  state->supplyCount[estate]--;//Decrement Estates
    #####:  943:	  if (supplyCount(estate, state) == 0){
    #####:  944:	    isGameOver(state);
        -:  945:	  }
        -:  946:	}
        -:  947:      }
        -:  948:	    
        -:  949:      
    #####:  950:      return 0;
        -:  951:		
    #####:  952:    case great_hall:
        -:  953:      //+1 Card
    #####:  954:      drawCard(currentPlayer, state);
        -:  955:			
        -:  956:      //+1 Actions
    #####:  957:      state->numActions++;
        -:  958:			
        -:  959:      //discard card from hand
    #####:  960:      discardCard(handPos, currentPlayer, state, 0);
    #####:  961:      return 0;
        -:  962:		
    #####:  963:    case minion:
        -:  964:      //+1 action
    #####:  965:      state->numActions++;
        -:  966:			
        -:  967:      //discard card from hand
    #####:  968:      discardCard(handPos, currentPlayer, state, 0);
        -:  969:			
    #####:  970:      if (choice1)		//+2 coins
        -:  971:	{
    #####:  972:	  state->coins = state->coins + 2;
        -:  973:	}
        -:  974:			
    #####:  975:      else if (choice2)		//discard hand, redraw 4, other players with 5+ cards discard hand and draw 4
        -:  976:	{
        -:  977:	  //discard hand
    #####:  978:	  while(numHandCards(state) > 0)
        -:  979:	    {
    #####:  980:	      discardCard(handPos, currentPlayer, state, 0);
        -:  981:	    }
        -:  982:				
        -:  983:	  //draw 4
    #####:  984:	  for (i = 0; i < 4; i++)
        -:  985:	    {
    #####:  986:	      drawCard(currentPlayer, state);
        -:  987:	    }
        -:  988:				
        -:  989:	  //other players discard hand and redraw if hand size > 4
    #####:  990:	  for (i = 0; i < state->numPlayers; i++)
        -:  991:	    {
    #####:  992:	      if (i != currentPlayer)
        -:  993:		{
    #####:  994:		  if ( state->handCount[i] > 4 )
        -:  995:		    {
        -:  996:		      //discard hand
    #####:  997:		      while( state->handCount[i] > 0 )
        -:  998:			{
    #####:  999:			  discardCard(handPos, i, state, 0);
        -: 1000:			}
        -: 1001:							
        -: 1002:		      //draw 4
    #####: 1003:		      for (j = 0; j < 4; j++)
        -: 1004:			{
    #####: 1005:			  drawCard(i, state);
        -: 1006:			}
        -: 1007:		    }
        -: 1008:		}
        -: 1009:	    }
        -: 1010:				
        -: 1011:	}
    #####: 1012:      return 0;
        -: 1013:		
    #####: 1014:    case steward:
    #####: 1015:      if (choice1 == 1)
        -: 1016:	{
        -: 1017:	  //+2 cards
    #####: 1018:	  drawCard(currentPlayer, state);
    #####: 1019:	  drawCard(currentPlayer, state);
        -: 1020:	}
    #####: 1021:      else if (choice1 == 2)
        -: 1022:	{
        -: 1023:	  //+2 coins
    #####: 1024:	  state->coins = state->coins + 2;
        -: 1025:	}
        -: 1026:      else
        -: 1027:	{
        -: 1028:	  //trash 2 cards in hand
    #####: 1029:	  discardCard(choice2, currentPlayer, state, 1);
    #####: 1030:	  discardCard(choice3, currentPlayer, state, 1);
        -: 1031:	}
        -: 1032:			
        -: 1033:      //discard card from hand
    #####: 1034:      discardCard(handPos, currentPlayer, state, 0);
    #####: 1035:      return 0;
        -: 1036:		
    #####: 1037:    case tribute:
    #####: 1038:      if ((state->discardCount[nextPlayer] + state->deckCount[nextPlayer]) <= 1){
    #####: 1039:	if (state->deckCount[nextPlayer] > 0){
    #####: 1040:	  tributeRevealedCards[0] = state->deck[nextPlayer][state->deckCount[nextPlayer]-1];
    #####: 1041:	  state->deckCount[nextPlayer]--;
        -: 1042:	}
    #####: 1043:	else if (state->discardCount[nextPlayer] > 0){
    #####: 1044:	  tributeRevealedCards[0] = state->discard[nextPlayer][state->discardCount[nextPlayer]-1];
    #####: 1045:	  state->discardCount[nextPlayer]--;
        -: 1046:	}
        -: 1047:	else{
        -: 1048:	  //No Card to Reveal
        -: 1049:	  if (DEBUG){
        -: 1050:	    printf("No cards to reveal\n");
        -: 1051:	  }
        -: 1052:	}
        -: 1053:      }
        -: 1054:	    
        -: 1055:      else{
    #####: 1056:	if (state->deckCount[nextPlayer] == 0){
    #####: 1057:	  for (i = 0; i < state->discardCount[nextPlayer]; i++){
    #####: 1058:	    state->deck[nextPlayer][i] = state->discard[nextPlayer][i];//Move to deck
    #####: 1059:	    state->deckCount[nextPlayer]++;
    #####: 1060:	    state->discard[nextPlayer][i] = -1;
    #####: 1061:	    state->discardCount[nextPlayer]--;
        -: 1062:	  }
        -: 1063:			    
    #####: 1064:	  shuffle(nextPlayer,state);//Shuffle the deck
        -: 1065:	} 
    #####: 1066:	tributeRevealedCards[0] = state->deck[nextPlayer][state->deckCount[nextPlayer]-1];
    #####: 1067:	state->deck[nextPlayer][state->deckCount[nextPlayer]--] = -1;
    #####: 1068:	state->deckCount[nextPlayer]--;
    #####: 1069:	tributeRevealedCards[1] = state->deck[nextPlayer][state->deckCount[nextPlayer]-1];
    #####: 1070:	state->deck[nextPlayer][state->deckCount[nextPlayer]--] = -1;
    #####: 1071:	state->deckCount[nextPlayer]--;
        -: 1072:      }    
        -: 1073:		       
    #####: 1074:      if (tributeRevealedCards[0] == tributeRevealedCards[1]){//If we have a duplicate card, just drop one 
    #####: 1075:	state->playedCards[state->playedCardCount] = tributeRevealedCards[1];
    #####: 1076:	state->playedCardCount++;
    #####: 1077:	tributeRevealedCards[1] = -1;
        -: 1078:      }
        -: 1079:
    #####: 1080:      for (i = 0; i <= 2; i ++){
    #####: 1081:	if (tributeRevealedCards[i] == copper || tributeRevealedCards[i] == silver || tributeRevealedCards[i] == gold){//Treasure cards
    #####: 1082:	  state->coins += 2;
        -: 1083:	}
        -: 1084:		    
    #####: 1085:	else if (tributeRevealedCards[i] == estate || tributeRevealedCards[i] == duchy || tributeRevealedCards[i] == province || tributeRevealedCards[i] == gardens || tributeRevealedCards[i] == great_hall){//Victory Card Found
    #####: 1086:	  drawCard(currentPlayer, state);
    #####: 1087:	  drawCard(currentPlayer, state);
        -: 1088:	}
        -: 1089:	else{//Action Card
    #####: 1090:	  state->numActions = state->numActions + 2;
        -: 1091:	}
        -: 1092:      }
        -: 1093:	    
    #####: 1094:      return 0;
        -: 1095:		
    #####: 1096:    case ambassador:
    #####: 1097:      j = 0;		//used to check if player has enough cards to discard
        -: 1098:
    #####: 1099:      if (choice2 > 2 || choice2 < 0)
        -: 1100:	{
    #####: 1101:	  return -1;				
        -: 1102:	}
        -: 1103:
    #####: 1104:      if (choice1 == handPos)
        -: 1105:	{
    #####: 1106:	  return -1;
        -: 1107:	}
        -: 1108:
    #####: 1109:      for (i = 0; i < state->handCount[currentPlayer]; i++)
        -: 1110:	{
    #####: 1111:	  if (i != handPos && i == state->hand[currentPlayer][choice1] && i != choice1)
        -: 1112:	    {
    #####: 1113:	      j++;
        -: 1114:	    }
        -: 1115:	}
    #####: 1116:      if (j < choice2)
        -: 1117:	{
    #####: 1118:	  return -1;				
        -: 1119:	}
        -: 1120:
        -: 1121:      if (DEBUG) 
        -: 1122:	printf("Player %d reveals card number: %d\n", currentPlayer, state->hand[currentPlayer][choice1]);
        -: 1123:
        -: 1124:      //increase supply count for choosen card by amount being discarded
    #####: 1125:      state->supplyCount[state->hand[currentPlayer][choice1]] += choice2;
        -: 1126:			
        -: 1127:      //each other player gains a copy of revealed card
    #####: 1128:      for (i = 0; i < state->numPlayers; i++)
        -: 1129:	{
    #####: 1130:	  if (i != currentPlayer)
        -: 1131:	    {
    #####: 1132:	      gainCard(state->hand[currentPlayer][choice1], state, 0, i);
        -: 1133:	    }
        -: 1134:	}
        -: 1135:
        -: 1136:      //discard played card from hand
    #####: 1137:      discardCard(handPos, currentPlayer, state, 0);			
        -: 1138:
        -: 1139:      //trash copies of cards returned to supply
    #####: 1140:      for (j = 0; j < choice2; j++)
        -: 1141:	{
    #####: 1142:	  for (i = 0; i < state->handCount[currentPlayer]; i++)
        -: 1143:	    {
    #####: 1144:	      if (state->hand[currentPlayer][i] == state->hand[currentPlayer][choice1])
        -: 1145:		{
    #####: 1146:		  discardCard(i, currentPlayer, state, 1);
    #####: 1147:		  break;
        -: 1148:		}
        -: 1149:	    }
        -: 1150:	}			
        -: 1151:
    #####: 1152:      return 0;
        -: 1153:		
    #####: 1154:    case cutpurse:
        -: 1155:
    #####: 1156:      updateCoins(currentPlayer, state, 2);
    #####: 1157:      for (i = 0; i < state->numPlayers; i++)
        -: 1158:	{
    #####: 1159:	  if (i != currentPlayer)
        -: 1160:	    {
    #####: 1161:	      for (j = 0; j < state->handCount[i]; j++)
        -: 1162:		{
    #####: 1163:		  if (state->hand[i][j] == copper)
        -: 1164:		    {
    #####: 1165:		      discardCard(j, i, state, 0);
    #####: 1166:		      break;
        -: 1167:		    }
    #####: 1168:		  if (j == state->handCount[i])
        -: 1169:		    {
    #####: 1170:		      for (k = 0; k < state->handCount[i]; k++)
        -: 1171:			{
        -: 1172:			  if (DEBUG)
        -: 1173:			    printf("Player %d reveals card number %d\n", i, state->hand[i][k]);
        -: 1174:			}	
    #####: 1175:		      break;
        -: 1176:		    }		
        -: 1177:		}
        -: 1178:					
        -: 1179:	    }
        -: 1180:				
        -: 1181:	}				
        -: 1182:
        -: 1183:      //discard played card from hand
    #####: 1184:      discardCard(handPos, currentPlayer, state, 0);			
        -: 1185:
    #####: 1186:      return 0;
        -: 1187:
        -: 1188:		
    #####: 1189:    case embargo: 
        -: 1190:      //+2 Coins
    #####: 1191:      state->coins = state->coins + 2;
        -: 1192:			
        -: 1193:      //see if selected pile is in play
    #####: 1194:      if ( state->supplyCount[choice1] == -1 )
        -: 1195:	{
    #####: 1196:	  return -1;
        -: 1197:	}
        -: 1198:			
        -: 1199:      //add embargo token to selected supply pile
    #####: 1200:      state->embargoTokens[choice1]++;
        -: 1201:			
        -: 1202:      //trash card
    #####: 1203:      discardCard(handPos, currentPlayer, state, 1);		
    #####: 1204:      return 0;
        -: 1205:		
    #####: 1206:    case outpost:
        -: 1207:      //set outpost flag
    #####: 1208:      state->outpostPlayed++;
        -: 1209:			
        -: 1210:      //discard card
    #####: 1211:      discardCard(handPos, currentPlayer, state, 0);
    #####: 1212:      return 0;
        -: 1213:		
    #####: 1214:    case salvager:
        -: 1215:      //+1 buy
    #####: 1216:      state->numBuys++;
        -: 1217:			
    #####: 1218:      if (choice1)
        -: 1219:	{
        -: 1220:	  //gain coins equal to trashed card
    #####: 1221:	  state->coins = state->coins + getCost( handCard(choice1, state) );
        -: 1222:	  //trash card
    #####: 1223:	  discardCard(choice1, currentPlayer, state, 1);	
        -: 1224:	}
        -: 1225:			
        -: 1226:      //discard card
    #####: 1227:      discardCard(handPos, currentPlayer, state, 0);
    #####: 1228:      return 0;
        -: 1229:		
    #####: 1230:    case sea_hag:
    #####: 1231:      for (i = 0; i < state->numPlayers; i++){
    #####: 1232:	if (i != currentPlayer){
    #####: 1233:	  state->discard[i][state->discardCount[i]] = state->deck[i][state->deckCount[i]--];			    state->deckCount[i]--;
    #####: 1234:	  state->discardCount[i]++;
    #####: 1235:	  state->deck[i][state->deckCount[i]--] = curse;//Top card now a curse
        -: 1236:	}
        -: 1237:      }
    #####: 1238:      return 0;
        -: 1239:		
    #####: 1240:    case treasure_map:
        -: 1241:      //search hand for another treasure_map
    #####: 1242:      index = -1;
    #####: 1243:      for (i = 0; i < state->handCount[currentPlayer]; i++)
        -: 1244:	{
    #####: 1245:	  if (state->hand[currentPlayer][i] == treasure_map && i != handPos)
        -: 1246:	    {
    #####: 1247:	      index = i;
    #####: 1248:	      break;
        -: 1249:	    }
        -: 1250:	}
    #####: 1251:      if (index > -1)
        -: 1252:	{
        -: 1253:	  //trash both treasure cards
    #####: 1254:	  discardCard(handPos, currentPlayer, state, 1);
    #####: 1255:	  discardCard(index, currentPlayer, state, 1);
        -: 1256:
        -: 1257:	  //gain 4 Gold cards
    #####: 1258:	  for (i = 0; i < 4; i++)
        -: 1259:	    {
    #####: 1260:	      gainCard(gold, state, 1, currentPlayer);
        -: 1261:	    }
        -: 1262:				
        -: 1263:	  //return success
    #####: 1264:	  return 1;
        -: 1265:	}
        -: 1266:			
        -: 1267:      //no second treasure_map found in hand
    #####: 1268:      return -1;
        -: 1269:    }
        -: 1270:	
    #####: 1271:  return -1;
        -: 1272:}
        -: 1273:
    #####: 1274:int discardCard(int handPos, int currentPlayer, struct gameState *state, int trashFlag)
        -: 1275:{
        -: 1276:	
        -: 1277:  //if card is not trashed, added to Played pile 
    #####: 1278:  if (trashFlag < 1)
        -: 1279:    {
        -: 1280:      //add card to played pile
    #####: 1281:      state->playedCards[state->playedCardCount] = state->hand[currentPlayer][handPos]; 
    #####: 1282:      state->playedCardCount++;
        -: 1283:    }
        -: 1284:	
        -: 1285:  //set played card to -1
    #####: 1286:  state->hand[currentPlayer][handPos] = -1;
        -: 1287:	
        -: 1288:  //remove card from player's hand
    #####: 1289:  if ( handPos == (state->handCount[currentPlayer] - 1) ) 	//last card in hand array is played
        -: 1290:    {
        -: 1291:      //reduce number of cards in hand
    #####: 1292:      state->handCount[currentPlayer]--;
        -: 1293:    }
    #####: 1294:  else if ( state->handCount[currentPlayer] == 1 ) //only one card in hand
        -: 1295:    {
        -: 1296:      //reduce number of cards in hand
    #####: 1297:      state->handCount[currentPlayer]--;
        -: 1298:    }
        -: 1299:  else 	
        -: 1300:    {
        -: 1301:      //replace discarded card with last card in hand
    #####: 1302:      state->hand[currentPlayer][handPos] = state->hand[currentPlayer][ (state->handCount[currentPlayer] - 1)];
        -: 1303:      //set last card to -1
    #####: 1304:      state->hand[currentPlayer][state->handCount[currentPlayer] - 1] = -1;
        -: 1305:      //reduce number of cards in hand
    #####: 1306:      state->handCount[currentPlayer]--;
        -: 1307:    }
        -: 1308:	
    #####: 1309:  return 0;
        -: 1310:}
        -: 1311:
    #####: 1312:int gainCard(int supplyPos, struct gameState *state, int toFlag, int player)
        -: 1313:{
        -: 1314:  //Note: supplyPos is enum of choosen card
        -: 1315:	
        -: 1316:  //check if supply pile is empty (0) or card is not used in game (-1)
    #####: 1317:  if ( supplyCount(supplyPos, state) < 1 )
        -: 1318:    {
    #####: 1319:      return -1;
        -: 1320:    }
        -: 1321:	
        -: 1322:  //added card for [whoseTurn] current player:
        -: 1323:  // toFlag = 0 : add to discard
        -: 1324:  // toFlag = 1 : add to deck
        -: 1325:  // toFlag = 2 : add to hand
        -: 1326:
    #####: 1327:  if (toFlag == 1)
        -: 1328:    {
    #####: 1329:      state->deck[ player ][ state->deckCount[player] ] = supplyPos;
    #####: 1330:      state->deckCount[player]++;
        -: 1331:    }
    #####: 1332:  else if (toFlag == 2)
        -: 1333:    {
    #####: 1334:      state->hand[ player ][ state->handCount[player] ] = supplyPos;
    #####: 1335:      state->handCount[player]++;
        -: 1336:    }
        -: 1337:  else
        -: 1338:    {
    #####: 1339:      state->discard[player][ state->discardCount[player] ] = supplyPos;
    #####: 1340:      state->discardCount[player]++;
        -: 1341:    }
        -: 1342:	
        -: 1343:  //decrease number in supply pile
    #####: 1344:  state->supplyCount[supplyPos]--;
        -: 1345:	 
    #####: 1346:  return 0;
        -: 1347:}
        -: 1348:
    #####: 1349:int updateCoins(int player, struct gameState *state, int bonus)
        -: 1350:{
        -: 1351:  int i;
        -: 1352:	
        -: 1353:  //reset coin count
    #####: 1354:  state->coins = 0;
        -: 1355:
        -: 1356:  //add coins for each Treasure card in player's hand
    #####: 1357:  for (i = 0; i < state->handCount[player]; i++)
        -: 1358:    {
    #####: 1359:      if (state->hand[player][i] == copper)
        -: 1360:	{
    #####: 1361:	  state->coins += 1;
        -: 1362:	}
    #####: 1363:      else if (state->hand[player][i] == silver)
        -: 1364:	{
    #####: 1365:	  state->coins += 2;
        -: 1366:	}
    #####: 1367:      else if (state->hand[player][i] == gold)
        -: 1368:	{
    #####: 1369:	  state->coins += 3;
        -: 1370:	}	
        -: 1371:    }	
        -: 1372:
        -: 1373:  //add bonus
    #####: 1374:  state->coins += bonus;
        -: 1375:
    #####: 1376:  return 0;
        -: 1377:}
        -: 1378:
        -: 1379:
        -: 1380://end of dominion.c
        -: 1381:
